[ 2016-06-01T14:22:09+08:00 ] ::1 /index.php?s=?/Admin/Index/index
INFO: [ app_init ] --START--
INFO: Run Behavior\BuildLiteBehavior [ RunTime:0.000000s ]
INFO: [ app_init ] --END-- [ RunTime:0.001000s ]
ERR: 无法加载模块:?

[ 2016-06-01T14:22:26+08:00 ] ::1 /index.php?s=?/Admin/Index/index
INFO: [ app_init ] --START--
INFO: Run Behavior\BuildLiteBehavior [ RunTime:0.000000s ]
INFO: [ app_init ] --END-- [ RunTime:0.001000s ]
ERR: 无法加载模块:?

[ 2016-06-01T14:26:56+08:00 ] ::1 /index.php?m=/admin/Index/index
INFO: [ app_init ] --START--
INFO: Run Behavior\BuildLiteBehavior [ RunTime:0.000000s ]
INFO: [ app_init ] --END-- [ RunTime:0.001000s ]
ERR: 无法加载模块:/admin/Index/index

[ 2016-06-01T14:28:15+08:00 ] ::1 /index.php?m=/admin/Index/index
INFO: [ app_init ] --START--
INFO: Run Behavior\BuildLiteBehavior [ RunTime:0.000000s ]
INFO: [ app_init ] --END-- [ RunTime:0.001000s ]
ERR: 无法加载模块:/admin/Index/index

[ 2016-06-01T14:28:25+08:00 ] ::1 /index.php?m=/Admin/Index/index
INFO: [ app_init ] --START--
INFO: Run Behavior\BuildLiteBehavior [ RunTime:0.000000s ]
INFO: [ app_init ] --END-- [ RunTime:0.001000s ]
ERR: 无法加载模块:/Admin/Index/index

[ 2016-06-01T14:29:23+08:00 ] ::1 /index.php?m=/Admin/Log/index
INFO: [ app_init ] --START--
INFO: Run Behavior\BuildLiteBehavior [ RunTime:0.000000s ]
INFO: [ app_init ] --END-- [ RunTime:0.001000s ]
ERR: 无法加载模块:/Admin/Log/index

[ 2016-06-01T14:30:46+08:00 ] ::1 /index.php?m=/Admin/Log/index
INFO: [ app_init ] --START--
INFO: Run Behavior\BuildLiteBehavior [ RunTime:0.000000s ]
INFO: [ app_init ] --END-- [ RunTime:0.001000s ]
ERR: 无法加载模块:/Admin/Log/index

[ 2016-06-01T15:01:12+08:00 ] ::1 /index.php?m=/Admin/Log/index
INFO: [ app_init ] --START--
INFO: Run Behavior\BuildLiteBehavior [ RunTime:0.000000s ]
INFO: [ app_init ] --END-- [ RunTime:0.001000s ]
ERR: 无法加载模块:/Admin/Log/index

[ 2016-06-01T15:05:06+08:00 ] ::1 /index.php?m=/Admin/Index/index
INFO: [ app_init ] --START--
INFO: Run Behavior\BuildLiteBehavior [ RunTime:0.000000s ]
INFO: [ app_init ] --END-- [ RunTime:0.001000s ]
ERR: 无法加载模块:/Admin/Index/index

[ 2016-06-01T15:05:33+08:00 ] ::1 /index.php?m=/Admin/Index/index
INFO: [ app_init ] --START--
INFO: Run Behavior\BuildLiteBehavior [ RunTime:0.000000s ]
INFO: [ app_init ] --END-- [ RunTime:0.001000s ]
ERR: 无法加载模块:/Admin/Index/index

[ 2016-06-01T15:05:37+08:00 ] ::1 /index.php?m=/Admin/Index/index
INFO: [ app_init ] --START--
INFO: Run Behavior\BuildLiteBehavior [ RunTime:0.000000s ]
INFO: [ app_init ] --END-- [ RunTime:0.001000s ]
ERR: 无法加载模块:/Admin/Index/index

[ 2016-06-01T15:07:40+08:00 ] ::1 /index.php?m=/Admin/Log/index
INFO: [ app_init ] --START--
INFO: Run Behavior\BuildLiteBehavior [ RunTime:0.000000s ]
INFO: [ app_init ] --END-- [ RunTime:0.001000s ]
ERR: 无法加载模块:/Admin/Log/index

