[ 2016-06-01T14:30:53+08:00 ] ::1 /index.php?m=/Admin/
INFO: [ app_init ] --START--
INFO: Run Behavior\BuildLiteBehavior [ RunTime:0.000000s ]
INFO: [ app_init ] --END-- [ RunTime:0.002000s ]
INFO: [ app_begin ] --START--
INFO: Run Behavior\ReadHtmlCacheBehavior [ RunTime:0.001000s ]
INFO: [ app_begin ] --END-- [ RunTime:0.002000s ]
ERR: 无法加载控制器:Index

[ 2016-06-01T14:31:13+08:00 ] ::1 /index.php?s=/Admin/Index/index
INFO: [ app_init ] --START--
INFO: Run Behavior\BuildLiteBehavior [ RunTime:0.000000s ]
INFO: [ app_init ] --END-- [ RunTime:0.001000s ]
INFO: [ app_begin ] --START--
INFO: Run Behavior\ReadHtmlCacheBehavior [ RunTime:0.001000s ]
INFO: [ app_begin ] --END-- [ RunTime:0.002000s ]

[ 2016-06-01T14:31:29+08:00 ] ::1 /index.php?s=/Admin/Index/index
INFO: [ app_init ] --START--
INFO: Run Behavior\BuildLiteBehavior [ RunTime:0.000000s ]
INFO: [ app_init ] --END-- [ RunTime:0.001000s ]
INFO: [ app_begin ] --START--
INFO: Run Behavior\ReadHtmlCacheBehavior [ RunTime:0.002000s ]
INFO: [ app_begin ] --END-- [ RunTime:0.002000s ]
NOTIC: [8] Use of undefined constant UID - assumed 'UID' D:\wamp\www\Application\Admin\Controller\AdminController.class.php 第 6 行.

[ 2016-06-01T14:32:16+08:00 ] ::1 /index.php?s=/Admin/Index/index
INFO: [ app_init ] --START--
INFO: Run Behavior\BuildLiteBehavior [ RunTime:0.000000s ]
INFO: [ app_init ] --END-- [ RunTime:0.001000s ]
INFO: [ app_begin ] --START--
INFO: Run Behavior\ReadHtmlCacheBehavior [ RunTime:0.002000s ]
INFO: [ app_begin ] --END-- [ RunTime:0.002000s ]
NOTIC: [8] Use of undefined constant UID - assumed 'UID' D:\wamp\www\Application\Admin\Controller\AdminController.class.php 第 6 行.

[ 2016-06-01T14:32:17+08:00 ] ::1 /index.php?s=/Admin/Index/index
INFO: [ app_init ] --START--
INFO: Run Behavior\BuildLiteBehavior [ RunTime:0.000000s ]
INFO: [ app_init ] --END-- [ RunTime:0.001000s ]
INFO: [ app_begin ] --START--
INFO: Run Behavior\ReadHtmlCacheBehavior [ RunTime:0.000000s ]
INFO: [ app_begin ] --END-- [ RunTime:0.002000s ]
NOTIC: [8] Use of undefined constant UID - assumed 'UID' D:\wamp\www\Application\Admin\Controller\AdminController.class.php 第 6 行.

[ 2016-06-01T14:32:38+08:00 ] ::1 /index.php?s=/Admin/Index/index
INFO: [ app_init ] --START--
INFO: Run Behavior\BuildLiteBehavior [ RunTime:0.000000s ]
INFO: [ app_init ] --END-- [ RunTime:0.001000s ]
INFO: [ app_begin ] --START--
INFO: Run Behavior\ReadHtmlCacheBehavior [ RunTime:0.000000s ]
INFO: [ app_begin ] --END-- [ RunTime:0.002000s ]
NOTIC: [8] Use of undefined constant UID - assumed 'UID' D:\wamp\www\Application\Admin\Controller\AdminController.class.php 第 6 行.

[ 2016-06-01T14:32:39+08:00 ] ::1 /index.php?s=/Admin/Index/index
INFO: [ app_init ] --START--
INFO: Run Behavior\BuildLiteBehavior [ RunTime:0.000000s ]
INFO: [ app_init ] --END-- [ RunTime:0.001000s ]
INFO: [ app_begin ] --START--
INFO: Run Behavior\ReadHtmlCacheBehavior [ RunTime:0.001000s ]
INFO: [ app_begin ] --END-- [ RunTime:0.002000s ]
NOTIC: [8] Use of undefined constant UID - assumed 'UID' D:\wamp\www\Application\Admin\Controller\AdminController.class.php 第 6 行.

[ 2016-06-01T14:32:54+08:00 ] ::1 /index.php?s=/Admin/Index/index
INFO: [ app_init ] --START--
INFO: Run Behavior\BuildLiteBehavior [ RunTime:0.001000s ]
INFO: [ app_init ] --END-- [ RunTime:0.001000s ]
INFO: [ app_begin ] --START--
INFO: Run Behavior\ReadHtmlCacheBehavior [ RunTime:0.001000s ]
INFO: [ app_begin ] --END-- [ RunTime:0.001000s ]
NOTIC: [8] Use of undefined constant UID - assumed 'UID' D:\wamp\www\Application\Admin\Controller\AdminController.class.php 第 6 行.
INFO: [ view_parse ] --START--
INFO: [ template_filter ] --START--
INFO: Run Behavior\ContentReplaceBehavior [ RunTime:0.000000s ]
INFO: [ template_filter ] --END-- [ RunTime:0.001000s ]
NOTIC: [8] Undefined variable: title D:\wamp\www\Application\Runtime\Cache\Admin\3809718a10a0f59bcf6d4939c10fd28d.php 第 4 行.
INFO: Run Behavior\ParseTemplateBehavior [ RunTime:0.017000s ]
INFO: [ view_parse ] --END-- [ RunTime:0.018000s ]
INFO: [ view_filter ] --START--
INFO: Run Behavior\WriteHtmlCacheBehavior [ RunTime:0.001000s ]
INFO: [ view_filter ] --END-- [ RunTime:0.001000s ]
INFO: [ app_end ] --START--
INFO: Run Behavior\ShowPageTraceBehavior [ RunTime:0.001000s ]
INFO: [ app_end ] --END-- [ RunTime:0.002000s ]

[ 2016-06-01T14:33:41+08:00 ] ::1 /index.php?s=/Admin/Index/index
INFO: [ app_init ] --START--
INFO: Run Behavior\BuildLiteBehavior [ RunTime:0.001000s ]
INFO: [ app_init ] --END-- [ RunTime:0.001000s ]
INFO: [ app_begin ] --START--
INFO: Run Behavior\ReadHtmlCacheBehavior [ RunTime:0.001000s ]
INFO: [ app_begin ] --END-- [ RunTime:0.001000s ]
NOTIC: [8] Use of undefined constant UID - assumed 'UID' D:\wamp\www\Application\Admin\Controller\AdminController.class.php 第 6 行.
INFO: [ view_parse ] --START--
INFO: [ template_filter ] --START--
INFO: Run Behavior\ContentReplaceBehavior [ RunTime:0.000000s ]
INFO: [ template_filter ] --END-- [ RunTime:0.000000s ]
NOTIC: [8] Undefined variable: title D:\wamp\www\Application\Runtime\Cache\Admin\b595b808c2ebeeeb0478ffc30bb4e87a.php 第 4 行.
INFO: Run Behavior\ParseTemplateBehavior [ RunTime:0.014000s ]
INFO: [ view_parse ] --END-- [ RunTime:0.014000s ]
INFO: [ view_filter ] --START--
INFO: Run Behavior\WriteHtmlCacheBehavior [ RunTime:0.001000s ]
INFO: [ view_filter ] --END-- [ RunTime:0.001000s ]
INFO: [ app_end ] --START--
INFO: Run Behavior\ShowPageTraceBehavior [ RunTime:0.001000s ]
INFO: [ app_end ] --END-- [ RunTime:0.001000s ]

[ 2016-06-01T14:36:02+08:00 ] ::1 /index.php?s=/Admin/Index/index
INFO: [ app_init ] --START--
INFO: Run Behavior\BuildLiteBehavior [ RunTime:0.000000s ]
INFO: [ app_init ] --END-- [ RunTime:0.001000s ]
INFO: [ app_begin ] --START--
INFO: Run Behavior\ReadHtmlCacheBehavior [ RunTime:0.002000s ]
INFO: [ app_begin ] --END-- [ RunTime:0.002000s ]

[ 2016-06-01T14:36:14+08:00 ] ::1 /index.php?s=/Admin/Index/index
INFO: [ app_init ] --START--
INFO: Run Behavior\BuildLiteBehavior [ RunTime:0.000000s ]
INFO: [ app_init ] --END-- [ RunTime:0.001000s ]
INFO: [ app_begin ] --START--
INFO: Run Behavior\ReadHtmlCacheBehavior [ RunTime:0.001000s ]
INFO: [ app_begin ] --END-- [ RunTime:0.001000s ]
NOTIC: [8] Use of undefined constant UID - assumed 'UID' D:\wamp\www\Application\Admin\Controller\AdminController.class.php 第 6 行.
NOTIC: [2] Missing argument 1 for Admin\Controller\AdminController::checkrule(), called in D:\wamp\www\Application\Admin\Controller\AdminController.class.php on line 10 and defined D:\wamp\www\Application\Admin\Controller\AdminController.class.php 第 15 行.
NOTIC: [2] Missing argument 2 for Admin\Controller\AdminController::checkrule(), called in D:\wamp\www\Application\Admin\Controller\AdminController.class.php on line 10 and defined D:\wamp\www\Application\Admin\Controller\AdminController.class.php 第 15 行.
NOTIC: [8] Undefined variable: type D:\wamp\www\Application\Admin\Controller\AdminController.class.php 第 20 行.
ERR: 1146:La table 'project.prjauth_group_access' n'existe pas
 [ SQL语句 ] : SHOW COLUMNS FROM `prjauth_group_access`
ERR: 1146:La table 'project.prjauth_group_access' n'existe pas
 [ SQL语句 ] : SHOW COLUMNS FROM `prjauth_group_access`

[ 2016-06-01T14:36:36+08:00 ] ::1 /index.php?s=/Admin/Index/index
INFO: [ app_init ] --START--
INFO: Run Behavior\BuildLiteBehavior [ RunTime:0.000000s ]
INFO: [ app_init ] --END-- [ RunTime:0.001000s ]
INFO: [ app_begin ] --START--
INFO: Run Behavior\ReadHtmlCacheBehavior [ RunTime:0.001000s ]
INFO: [ app_begin ] --END-- [ RunTime:0.001000s ]
NOTIC: [8] Use of undefined constant UID - assumed 'UID' D:\wamp\www\Application\Admin\Controller\AdminController.class.php 第 6 行.
NOTIC: [2] Missing argument 1 for Admin\Controller\AdminController::checkrule(), called in D:\wamp\www\Application\Admin\Controller\AdminController.class.php on line 10 and defined D:\wamp\www\Application\Admin\Controller\AdminController.class.php 第 15 行.
NOTIC: [2] Missing argument 2 for Admin\Controller\AdminController::checkrule(), called in D:\wamp\www\Application\Admin\Controller\AdminController.class.php on line 10 and defined D:\wamp\www\Application\Admin\Controller\AdminController.class.php 第 15 行.
NOTIC: [8] Undefined variable: type D:\wamp\www\Application\Admin\Controller\AdminController.class.php 第 20 行.
SQL: SHOW COLUMNS FROM `prj_auth_group_access` [ RunTime:0.0090s ]
SQL: SELECT `uid`,`group_id`,`title`,`rules` FROM prj_auth_group_access a INNER JOIN prj_auth_group g on a.group_id=g.id  WHERE ( a.uid='1' and g.status='1' )  [ RunTime:0.0020s ]
SQL: SHOW COLUMNS FROM `prj_auth_rule` [ RunTime:0.0070s ]
SQL: SELECT `condition`,`name` FROM `prj_auth_rule` WHERE `id` IN ('1') AND `status` = 1  [ RunTime:0.0000s ]
NOTIC: [2] in_array() expects parameter 2 to be array, integer given D:\wamp\www\ThinkPHP\Library\Think\Auth.class.php 第 126 行.
NOTIC: [2] array_diff(): Argument #1 is not an array D:\wamp\www\ThinkPHP\Library\Think\Auth.class.php 第 133 行.
INFO: [ view_parse ] --START--
INFO: [ template_filter ] --START--
INFO: Run Behavior\ContentReplaceBehavior [ RunTime:0.000000s ]
INFO: [ template_filter ] --END-- [ RunTime:0.000000s ]
NOTIC: [8] Undefined variable: title D:\wamp\www\Application\Runtime\Cache\Admin\b595b808c2ebeeeb0478ffc30bb4e87a.php 第 4 行.
INFO: Run Behavior\ParseTemplateBehavior [ RunTime:0.013000s ]
INFO: [ view_parse ] --END-- [ RunTime:0.013000s ]
INFO: [ view_filter ] --START--
INFO: Run Behavior\WriteHtmlCacheBehavior [ RunTime:0.001000s ]
INFO: [ view_filter ] --END-- [ RunTime:0.001000s ]
INFO: [ app_end ] --START--
INFO: Run Behavior\ShowPageTraceBehavior [ RunTime:0.001000s ]
INFO: [ app_end ] --END-- [ RunTime:0.001000s ]

[ 2016-06-01T14:37:17+08:00 ] ::1 /index.php?s=/Admin/Index/index
INFO: [ app_init ] --START--
INFO: Run Behavior\BuildLiteBehavior [ RunTime:0.000000s ]
INFO: [ app_init ] --END-- [ RunTime:0.001000s ]
INFO: [ app_begin ] --START--
INFO: Run Behavior\ReadHtmlCacheBehavior [ RunTime:0.001000s ]
INFO: [ app_begin ] --END-- [ RunTime:0.002000s ]
NOTIC: [8] Use of undefined constant UID - assumed 'UID' D:\wamp\www\Application\Admin\Controller\AdminController.class.php 第 6 行.
NOTIC: [2] Missing argument 1 for Admin\Controller\AdminController::checkrule(), called in D:\wamp\www\Application\Admin\Controller\AdminController.class.php on line 10 and defined D:\wamp\www\Application\Admin\Controller\AdminController.class.php 第 15 行.
NOTIC: [2] Missing argument 2 for Admin\Controller\AdminController::checkrule(), called in D:\wamp\www\Application\Admin\Controller\AdminController.class.php on line 10 and defined D:\wamp\www\Application\Admin\Controller\AdminController.class.php 第 15 行.
NOTIC: [8] Undefined variable: type D:\wamp\www\Application\Admin\Controller\AdminController.class.php 第 20 行.
SQL: SHOW COLUMNS FROM `prj_auth_group_access` [ RunTime:0.0070s ]
SQL: SELECT `uid`,`group_id`,`title`,`rules` FROM prj_auth_group_access a INNER JOIN prj_auth_group g on a.group_id=g.id  WHERE ( a.uid='1' and g.status='1' )  [ RunTime:0.0010s ]
SQL: SHOW COLUMNS FROM `prj_auth_rule` [ RunTime:0.0070s ]
SQL: SELECT `condition`,`name` FROM `prj_auth_rule` WHERE `id` IN ('1') AND `status` = 1  [ RunTime:0.0000s ]
INFO: [ view_parse ] --START--
INFO: [ template_filter ] --START--
INFO: Run Behavior\ContentReplaceBehavior [ RunTime:0.000000s ]
INFO: [ template_filter ] --END-- [ RunTime:0.000000s ]
NOTIC: [8] Undefined variable: title D:\wamp\www\Application\Runtime\Cache\Admin\b595b808c2ebeeeb0478ffc30bb4e87a.php 第 4 行.
INFO: Run Behavior\ParseTemplateBehavior [ RunTime:0.013000s ]
INFO: [ view_parse ] --END-- [ RunTime:0.013000s ]
INFO: [ view_filter ] --START--
INFO: Run Behavior\WriteHtmlCacheBehavior [ RunTime:0.000000s ]
INFO: [ view_filter ] --END-- [ RunTime:0.001000s ]
INFO: [ app_end ] --START--
INFO: Run Behavior\ShowPageTraceBehavior [ RunTime:0.001000s ]
INFO: [ app_end ] --END-- [ RunTime:0.001000s ]

[ 2016-06-01T14:37:17+08:00 ] ::1 /index.php?s=/Admin/Index/index
INFO: [ app_init ] --START--
INFO: Run Behavior\BuildLiteBehavior [ RunTime:0.000000s ]
INFO: [ app_init ] --END-- [ RunTime:0.001000s ]
INFO: [ app_begin ] --START--
INFO: Run Behavior\ReadHtmlCacheBehavior [ RunTime:0.001000s ]
INFO: [ app_begin ] --END-- [ RunTime:0.001000s ]
NOTIC: [8] Use of undefined constant UID - assumed 'UID' D:\wamp\www\Application\Admin\Controller\AdminController.class.php 第 6 行.
NOTIC: [2] Missing argument 1 for Admin\Controller\AdminController::checkrule(), called in D:\wamp\www\Application\Admin\Controller\AdminController.class.php on line 10 and defined D:\wamp\www\Application\Admin\Controller\AdminController.class.php 第 15 行.
NOTIC: [2] Missing argument 2 for Admin\Controller\AdminController::checkrule(), called in D:\wamp\www\Application\Admin\Controller\AdminController.class.php on line 10 and defined D:\wamp\www\Application\Admin\Controller\AdminController.class.php 第 15 行.
NOTIC: [8] Undefined variable: type D:\wamp\www\Application\Admin\Controller\AdminController.class.php 第 20 行.
SQL: SHOW COLUMNS FROM `prj_auth_group_access` [ RunTime:0.0070s ]
SQL: SELECT `uid`,`group_id`,`title`,`rules` FROM prj_auth_group_access a INNER JOIN prj_auth_group g on a.group_id=g.id  WHERE ( a.uid='1' and g.status='1' )  [ RunTime:0.0010s ]
SQL: SHOW COLUMNS FROM `prj_auth_rule` [ RunTime:0.0060s ]
SQL: SELECT `condition`,`name` FROM `prj_auth_rule` WHERE `id` IN ('1') AND `status` = 1  [ RunTime:0.0010s ]
INFO: [ view_parse ] --START--
INFO: [ template_filter ] --START--
INFO: Run Behavior\ContentReplaceBehavior [ RunTime:0.000000s ]
INFO: [ template_filter ] --END-- [ RunTime:0.001000s ]
NOTIC: [8] Undefined variable: title D:\wamp\www\Application\Runtime\Cache\Admin\b595b808c2ebeeeb0478ffc30bb4e87a.php 第 4 行.
INFO: Run Behavior\ParseTemplateBehavior [ RunTime:0.013000s ]
INFO: [ view_parse ] --END-- [ RunTime:0.013000s ]
INFO: [ view_filter ] --START--
INFO: Run Behavior\WriteHtmlCacheBehavior [ RunTime:0.001000s ]
INFO: [ view_filter ] --END-- [ RunTime:0.001000s ]
INFO: [ app_end ] --START--
INFO: Run Behavior\ShowPageTraceBehavior [ RunTime:0.001000s ]
INFO: [ app_end ] --END-- [ RunTime:0.001000s ]

[ 2016-06-01T14:37:18+08:00 ] ::1 /index.php?s=/Admin/Index/index
INFO: [ app_init ] --START--
INFO: Run Behavior\BuildLiteBehavior [ RunTime:0.000000s ]
INFO: [ app_init ] --END-- [ RunTime:0.001000s ]
INFO: [ app_begin ] --START--
INFO: Run Behavior\ReadHtmlCacheBehavior [ RunTime:0.001000s ]
INFO: [ app_begin ] --END-- [ RunTime:0.001000s ]
NOTIC: [8] Use of undefined constant UID - assumed 'UID' D:\wamp\www\Application\Admin\Controller\AdminController.class.php 第 6 行.
NOTIC: [2] Missing argument 1 for Admin\Controller\AdminController::checkrule(), called in D:\wamp\www\Application\Admin\Controller\AdminController.class.php on line 10 and defined D:\wamp\www\Application\Admin\Controller\AdminController.class.php 第 15 行.
NOTIC: [2] Missing argument 2 for Admin\Controller\AdminController::checkrule(), called in D:\wamp\www\Application\Admin\Controller\AdminController.class.php on line 10 and defined D:\wamp\www\Application\Admin\Controller\AdminController.class.php 第 15 行.
NOTIC: [8] Undefined variable: type D:\wamp\www\Application\Admin\Controller\AdminController.class.php 第 20 行.
SQL: SHOW COLUMNS FROM `prj_auth_group_access` [ RunTime:0.0060s ]
SQL: SELECT `uid`,`group_id`,`title`,`rules` FROM prj_auth_group_access a INNER JOIN prj_auth_group g on a.group_id=g.id  WHERE ( a.uid='1' and g.status='1' )  [ RunTime:0.0010s ]
SQL: SHOW COLUMNS FROM `prj_auth_rule` [ RunTime:0.0080s ]
SQL: SELECT `condition`,`name` FROM `prj_auth_rule` WHERE `id` IN ('1') AND `status` = 1  [ RunTime:0.0000s ]
INFO: [ view_parse ] --START--
INFO: [ template_filter ] --START--
INFO: Run Behavior\ContentReplaceBehavior [ RunTime:0.000000s ]
INFO: [ template_filter ] --END-- [ RunTime:0.001000s ]
NOTIC: [8] Undefined variable: title D:\wamp\www\Application\Runtime\Cache\Admin\b595b808c2ebeeeb0478ffc30bb4e87a.php 第 4 行.
INFO: Run Behavior\ParseTemplateBehavior [ RunTime:0.012000s ]
INFO: [ view_parse ] --END-- [ RunTime:0.012000s ]
INFO: [ view_filter ] --START--
INFO: Run Behavior\WriteHtmlCacheBehavior [ RunTime:0.001000s ]
INFO: [ view_filter ] --END-- [ RunTime:0.001000s ]
INFO: [ app_end ] --START--
INFO: Run Behavior\ShowPageTraceBehavior [ RunTime:0.002000s ]
INFO: [ app_end ] --END-- [ RunTime:0.002000s ]

[ 2016-06-01T14:37:18+08:00 ] ::1 /index.php?s=/Admin/Index/index
INFO: [ app_init ] --START--
INFO: Run Behavior\BuildLiteBehavior [ RunTime:0.000000s ]
INFO: [ app_init ] --END-- [ RunTime:0.001000s ]
INFO: [ app_begin ] --START--
INFO: Run Behavior\ReadHtmlCacheBehavior [ RunTime:0.000000s ]
INFO: [ app_begin ] --END-- [ RunTime:0.002000s ]
NOTIC: [8] Use of undefined constant UID - assumed 'UID' D:\wamp\www\Application\Admin\Controller\AdminController.class.php 第 6 行.
NOTIC: [2] Missing argument 1 for Admin\Controller\AdminController::checkrule(), called in D:\wamp\www\Application\Admin\Controller\AdminController.class.php on line 10 and defined D:\wamp\www\Application\Admin\Controller\AdminController.class.php 第 15 行.
NOTIC: [2] Missing argument 2 for Admin\Controller\AdminController::checkrule(), called in D:\wamp\www\Application\Admin\Controller\AdminController.class.php on line 10 and defined D:\wamp\www\Application\Admin\Controller\AdminController.class.php 第 15 行.
NOTIC: [8] Undefined variable: type D:\wamp\www\Application\Admin\Controller\AdminController.class.php 第 20 行.
SQL: SHOW COLUMNS FROM `prj_auth_group_access` [ RunTime:0.0070s ]
SQL: SELECT `uid`,`group_id`,`title`,`rules` FROM prj_auth_group_access a INNER JOIN prj_auth_group g on a.group_id=g.id  WHERE ( a.uid='1' and g.status='1' )  [ RunTime:0.0000s ]
SQL: SHOW COLUMNS FROM `prj_auth_rule` [ RunTime:0.0070s ]
SQL: SELECT `condition`,`name` FROM `prj_auth_rule` WHERE `id` IN ('1') AND `status` = 1  [ RunTime:0.0000s ]
INFO: [ view_parse ] --START--
INFO: [ template_filter ] --START--
INFO: Run Behavior\ContentReplaceBehavior [ RunTime:0.000000s ]
INFO: [ template_filter ] --END-- [ RunTime:0.001000s ]
NOTIC: [8] Undefined variable: title D:\wamp\www\Application\Runtime\Cache\Admin\b595b808c2ebeeeb0478ffc30bb4e87a.php 第 4 行.
INFO: Run Behavior\ParseTemplateBehavior [ RunTime:0.012000s ]
INFO: [ view_parse ] --END-- [ RunTime:0.012000s ]
INFO: [ view_filter ] --START--
INFO: Run Behavior\WriteHtmlCacheBehavior [ RunTime:0.001000s ]
INFO: [ view_filter ] --END-- [ RunTime:0.001000s ]
INFO: [ app_end ] --START--
INFO: Run Behavior\ShowPageTraceBehavior [ RunTime:0.001000s ]
INFO: [ app_end ] --END-- [ RunTime:0.001000s ]

[ 2016-06-01T14:37:18+08:00 ] ::1 /index.php?s=/Admin/Index/index
INFO: [ app_init ] --START--
INFO: Run Behavior\BuildLiteBehavior [ RunTime:0.000000s ]
INFO: [ app_init ] --END-- [ RunTime:0.001000s ]
INFO: [ app_begin ] --START--
INFO: Run Behavior\ReadHtmlCacheBehavior [ RunTime:0.001000s ]
INFO: [ app_begin ] --END-- [ RunTime:0.001000s ]
NOTIC: [8] Use of undefined constant UID - assumed 'UID' D:\wamp\www\Application\Admin\Controller\AdminController.class.php 第 6 行.
NOTIC: [2] Missing argument 1 for Admin\Controller\AdminController::checkrule(), called in D:\wamp\www\Application\Admin\Controller\AdminController.class.php on line 10 and defined D:\wamp\www\Application\Admin\Controller\AdminController.class.php 第 15 行.
NOTIC: [2] Missing argument 2 for Admin\Controller\AdminController::checkrule(), called in D:\wamp\www\Application\Admin\Controller\AdminController.class.php on line 10 and defined D:\wamp\www\Application\Admin\Controller\AdminController.class.php 第 15 行.
NOTIC: [8] Undefined variable: type D:\wamp\www\Application\Admin\Controller\AdminController.class.php 第 20 行.
SQL: SHOW COLUMNS FROM `prj_auth_group_access` [ RunTime:0.0070s ]
SQL: SELECT `uid`,`group_id`,`title`,`rules` FROM prj_auth_group_access a INNER JOIN prj_auth_group g on a.group_id=g.id  WHERE ( a.uid='1' and g.status='1' )  [ RunTime:0.0010s ]
SQL: SHOW COLUMNS FROM `prj_auth_rule` [ RunTime:0.0070s ]
SQL: SELECT `condition`,`name` FROM `prj_auth_rule` WHERE `id` IN ('1') AND `status` = 1  [ RunTime:0.0010s ]
INFO: [ view_parse ] --START--
INFO: [ template_filter ] --START--
INFO: Run Behavior\ContentReplaceBehavior [ RunTime:0.000000s ]
INFO: [ template_filter ] --END-- [ RunTime:0.000000s ]
NOTIC: [8] Undefined variable: title D:\wamp\www\Application\Runtime\Cache\Admin\b595b808c2ebeeeb0478ffc30bb4e87a.php 第 4 行.
INFO: Run Behavior\ParseTemplateBehavior [ RunTime:0.011000s ]
INFO: [ view_parse ] --END-- [ RunTime:0.011000s ]
INFO: [ view_filter ] --START--
INFO: Run Behavior\WriteHtmlCacheBehavior [ RunTime:0.000000s ]
INFO: [ view_filter ] --END-- [ RunTime:0.001000s ]
INFO: [ app_end ] --START--
INFO: Run Behavior\ShowPageTraceBehavior [ RunTime:0.001000s ]
INFO: [ app_end ] --END-- [ RunTime:0.001000s ]

[ 2016-06-01T14:37:23+08:00 ] ::1 /index.php?s=/Admin/Index/index
INFO: [ app_init ] --START--
INFO: Run Behavior\BuildLiteBehavior [ RunTime:0.000000s ]
INFO: [ app_init ] --END-- [ RunTime:0.002000s ]
INFO: [ app_begin ] --START--
INFO: Run Behavior\ReadHtmlCacheBehavior [ RunTime:0.001000s ]
INFO: [ app_begin ] --END-- [ RunTime:0.001000s ]
NOTIC: [8] Use of undefined constant UID - assumed 'UID' D:\wamp\www\Application\Admin\Controller\AdminController.class.php 第 6 行.
NOTIC: [2] Missing argument 1 for Admin\Controller\AdminController::checkrule(), called in D:\wamp\www\Application\Admin\Controller\AdminController.class.php on line 10 and defined D:\wamp\www\Application\Admin\Controller\AdminController.class.php 第 15 行.
NOTIC: [2] Missing argument 2 for Admin\Controller\AdminController::checkrule(), called in D:\wamp\www\Application\Admin\Controller\AdminController.class.php on line 10 and defined D:\wamp\www\Application\Admin\Controller\AdminController.class.php 第 15 行.
NOTIC: [8] Undefined variable: type D:\wamp\www\Application\Admin\Controller\AdminController.class.php 第 20 行.
SQL: SHOW COLUMNS FROM `prj_auth_group_access` [ RunTime:0.0070s ]
SQL: SELECT `uid`,`group_id`,`title`,`rules` FROM prj_auth_group_access a INNER JOIN prj_auth_group g on a.group_id=g.id  WHERE ( a.uid='1' and g.status='1' )  [ RunTime:0.0010s ]
SQL: SHOW COLUMNS FROM `prj_auth_rule` [ RunTime:0.0070s ]
SQL: SELECT `condition`,`name` FROM `prj_auth_rule` WHERE `id` IN ('1') AND `status` = 1  [ RunTime:0.0000s ]
INFO: [ view_parse ] --START--
INFO: [ template_filter ] --START--
INFO: Run Behavior\ContentReplaceBehavior [ RunTime:0.001000s ]
INFO: [ template_filter ] --END-- [ RunTime:0.001000s ]
NOTIC: [8] Undefined variable: title D:\wamp\www\Application\Runtime\Cache\Admin\b595b808c2ebeeeb0478ffc30bb4e87a.php 第 4 行.
INFO: Run Behavior\ParseTemplateBehavior [ RunTime:0.012000s ]
INFO: [ view_parse ] --END-- [ RunTime:0.013000s ]
INFO: [ view_filter ] --START--
INFO: Run Behavior\WriteHtmlCacheBehavior [ RunTime:0.001000s ]
INFO: [ view_filter ] --END-- [ RunTime:0.001000s ]
INFO: [ app_end ] --START--
INFO: Run Behavior\ShowPageTraceBehavior [ RunTime:0.001000s ]
INFO: [ app_end ] --END-- [ RunTime:0.001000s ]

[ 2016-06-01T14:49:53+08:00 ] ::1 /index.php?s=/Admin/Index/index
INFO: [ app_init ] --START--
INFO: Run Behavior\BuildLiteBehavior [ RunTime:0.000000s ]
INFO: [ app_init ] --END-- [ RunTime:0.001000s ]
INFO: [ app_begin ] --START--
INFO: Run Behavior\ReadHtmlCacheBehavior [ RunTime:0.002000s ]
INFO: [ app_begin ] --END-- [ RunTime:0.002000s ]
NOTIC: [8] Use of undefined constant UID - assumed 'UID' D:\wamp\www\Application\Admin\Controller\AdminController.class.php 第 6 行.
NOTIC: [2] Missing argument 1 for Admin\Controller\AdminController::checkrule(), called in D:\wamp\www\Application\Admin\Controller\AdminController.class.php on line 10 and defined D:\wamp\www\Application\Admin\Controller\AdminController.class.php 第 16 行.
NOTIC: [2] Missing argument 2 for Admin\Controller\AdminController::checkrule(), called in D:\wamp\www\Application\Admin\Controller\AdminController.class.php on line 10 and defined D:\wamp\www\Application\Admin\Controller\AdminController.class.php 第 16 行.
NOTIC: [8] Undefined variable: type D:\wamp\www\Application\Admin\Controller\AdminController.class.php 第 21 行.
SQL: SHOW COLUMNS FROM `prj_auth_group_access` [ RunTime:0.0060s ]
SQL: SELECT `uid`,`group_id`,`title`,`rules` FROM prj_auth_group_access a INNER JOIN prj_auth_group g on a.group_id=g.id  WHERE ( a.uid='1' and g.status='1' )  [ RunTime:0.0010s ]
SQL: SHOW COLUMNS FROM `prj_auth_rule` [ RunTime:0.0070s ]
SQL: SELECT `condition`,`name` FROM `prj_auth_rule` WHERE `id` IN ('1') AND `status` = 1  [ RunTime:0.0010s ]
SQL: SHOW COLUMNS FROM `prj_menu` [ RunTime:0.0080s ]
INFO: [ view_parse ] --START--
INFO: [ template_filter ] --START--
INFO: Run Behavior\ContentReplaceBehavior [ RunTime:0.001000s ]
INFO: [ template_filter ] --END-- [ RunTime:0.001000s ]
NOTIC: [8] Undefined variable: title D:\wamp\www\Application\Runtime\Cache\Admin\b595b808c2ebeeeb0478ffc30bb4e87a.php 第 4 行.
INFO: Run Behavior\ParseTemplateBehavior [ RunTime:0.016000s ]
INFO: [ view_parse ] --END-- [ RunTime:0.016000s ]
INFO: [ view_filter ] --START--
INFO: Run Behavior\WriteHtmlCacheBehavior [ RunTime:0.001000s ]
INFO: [ view_filter ] --END-- [ RunTime:0.001000s ]
INFO: [ app_end ] --START--
INFO: Run Behavior\ShowPageTraceBehavior [ RunTime:0.002000s ]
INFO: [ app_end ] --END-- [ RunTime:0.002000s ]

[ 2016-06-01T14:51:19+08:00 ] ::1 /index.php?s=/Admin/Index/index
INFO: [ app_init ] --START--
INFO: Run Behavior\BuildLiteBehavior [ RunTime:0.000000s ]
INFO: [ app_init ] --END-- [ RunTime:0.001000s ]
INFO: [ app_begin ] --START--
INFO: Run Behavior\ReadHtmlCacheBehavior [ RunTime:0.001000s ]
INFO: [ app_begin ] --END-- [ RunTime:0.001000s ]
NOTIC: [8] Use of undefined constant UID - assumed 'UID' D:\wamp\www\Application\Admin\Controller\AdminController.class.php 第 6 行.
NOTIC: [2] Missing argument 1 for Admin\Controller\AdminController::checkrule(), called in D:\wamp\www\Application\Admin\Controller\AdminController.class.php on line 10 and defined D:\wamp\www\Application\Admin\Controller\AdminController.class.php 第 17 行.
NOTIC: [2] Missing argument 2 for Admin\Controller\AdminController::checkrule(), called in D:\wamp\www\Application\Admin\Controller\AdminController.class.php on line 10 and defined D:\wamp\www\Application\Admin\Controller\AdminController.class.php 第 17 行.
NOTIC: [8] Undefined variable: type D:\wamp\www\Application\Admin\Controller\AdminController.class.php 第 22 行.
SQL: SHOW COLUMNS FROM `prj_auth_group_access` [ RunTime:0.0060s ]
SQL: SELECT `uid`,`group_id`,`title`,`rules` FROM prj_auth_group_access a INNER JOIN prj_auth_group g on a.group_id=g.id  WHERE ( a.uid='1' and g.status='1' )  [ RunTime:0.0010s ]
SQL: SHOW COLUMNS FROM `prj_auth_rule` [ RunTime:0.0070s ]
SQL: SELECT `condition`,`name` FROM `prj_auth_rule` WHERE `id` IN ('1') AND `status` = 1  [ RunTime:0.0010s ]
SQL: SHOW COLUMNS FROM `prj_menu` [ RunTime:0.0070s ]
INFO: [ view_parse ] --START--
INFO: [ template_filter ] --START--
INFO: Run Behavior\ContentReplaceBehavior [ RunTime:0.000000s ]
INFO: [ template_filter ] --END-- [ RunTime:0.001000s ]
NOTIC: [8] Undefined variable: title D:\wamp\www\Application\Runtime\Cache\Admin\b595b808c2ebeeeb0478ffc30bb4e87a.php 第 4 行.
INFO: Run Behavior\ParseTemplateBehavior [ RunTime:0.013000s ]
INFO: [ view_parse ] --END-- [ RunTime:0.013000s ]
INFO: [ view_filter ] --START--
INFO: Run Behavior\WriteHtmlCacheBehavior [ RunTime:0.002000s ]
INFO: [ view_filter ] --END-- [ RunTime:0.003000s ]
NOTIC: [2] Cannot modify header information - headers already sent by (output started at D:\wamp\www\Application\Admin\Controller\AdminController.class.php:13) D:\wamp\www\ThinkPHP\Library\Think\View.class.php 第 91 行.
NOTIC: [2] Cannot modify header information - headers already sent by (output started at D:\wamp\www\Application\Admin\Controller\AdminController.class.php:13) D:\wamp\www\ThinkPHP\Library\Think\View.class.php 第 92 行.
NOTIC: [2] Cannot modify header information - headers already sent by (output started at D:\wamp\www\Application\Admin\Controller\AdminController.class.php:13) D:\wamp\www\ThinkPHP\Library\Think\View.class.php 第 93 行.
INFO: [ app_end ] --START--
INFO: Run Behavior\ShowPageTraceBehavior [ RunTime:0.002000s ]
INFO: [ app_end ] --END-- [ RunTime:0.002000s ]

[ 2016-06-01T14:51:31+08:00 ] ::1 /index.php?s=/Admin/Index/index
INFO: [ app_init ] --START--
INFO: Run Behavior\BuildLiteBehavior [ RunTime:0.000000s ]
INFO: [ app_init ] --END-- [ RunTime:0.004000s ]
INFO: [ app_begin ] --START--
INFO: Run Behavior\ReadHtmlCacheBehavior [ RunTime:0.001000s ]
INFO: [ app_begin ] --END-- [ RunTime:0.002000s ]
NOTIC: [8] Use of undefined constant UID - assumed 'UID' D:\wamp\www\Application\Admin\Controller\AdminController.class.php 第 6 行.
NOTIC: [2] Missing argument 1 for Admin\Controller\AdminController::checkrule(), called in D:\wamp\www\Application\Admin\Controller\AdminController.class.php on line 10 and defined D:\wamp\www\Application\Admin\Controller\AdminController.class.php 第 17 行.
NOTIC: [2] Missing argument 2 for Admin\Controller\AdminController::checkrule(), called in D:\wamp\www\Application\Admin\Controller\AdminController.class.php on line 10 and defined D:\wamp\www\Application\Admin\Controller\AdminController.class.php 第 17 行.
NOTIC: [8] Undefined variable: type D:\wamp\www\Application\Admin\Controller\AdminController.class.php 第 22 行.
SQL: SHOW COLUMNS FROM `prj_auth_group_access` [ RunTime:0.0070s ]
SQL: SELECT `uid`,`group_id`,`title`,`rules` FROM prj_auth_group_access a INNER JOIN prj_auth_group g on a.group_id=g.id  WHERE ( a.uid='1' and g.status='1' )  [ RunTime:0.0000s ]
SQL: SHOW COLUMNS FROM `prj_auth_rule` [ RunTime:0.0070s ]
SQL: SELECT `condition`,`name` FROM `prj_auth_rule` WHERE `id` IN ('1') AND `status` = 1  [ RunTime:0.0010s ]
SQL: SHOW COLUMNS FROM `prj_menu` [ RunTime:0.0080s ]
SQL: SELECT `id`,`title`,`url` FROM `prj_menu` WHERE ( pid = 0 AND is_display = 1 ) ORDER BY sort asc  [ RunTime:0.0270s ]
INFO: [ view_parse ] --START--
INFO: [ template_filter ] --START--
INFO: Run Behavior\ContentReplaceBehavior [ RunTime:0.000000s ]
INFO: [ template_filter ] --END-- [ RunTime:0.001000s ]
NOTIC: [8] Undefined variable: title D:\wamp\www\Application\Runtime\Cache\Admin\b595b808c2ebeeeb0478ffc30bb4e87a.php 第 4 行.
INFO: Run Behavior\ParseTemplateBehavior [ RunTime:0.013000s ]
INFO: [ view_parse ] --END-- [ RunTime:0.014000s ]
INFO: [ view_filter ] --START--
INFO: Run Behavior\WriteHtmlCacheBehavior [ RunTime:0.001000s ]
INFO: [ view_filter ] --END-- [ RunTime:0.001000s ]
INFO: [ app_end ] --START--
INFO: Run Behavior\ShowPageTraceBehavior [ RunTime:0.001000s ]
INFO: [ app_end ] --END-- [ RunTime:0.002000s ]

[ 2016-06-01T15:00:29+08:00 ] ::1 /index.php?s=/Admin/Index/index
INFO: [ app_init ] --START--
INFO: Run Behavior\BuildLiteBehavior [ RunTime:0.001000s ]
INFO: [ app_init ] --END-- [ RunTime:0.001000s ]
INFO: [ app_begin ] --START--
INFO: Run Behavior\ReadHtmlCacheBehavior [ RunTime:0.001000s ]
INFO: [ app_begin ] --END-- [ RunTime:0.001000s ]
NOTIC: [8] Use of undefined constant UID - assumed 'UID' D:\wamp\www\Application\Admin\Controller\AdminController.class.php 第 6 行.
NOTIC: [2] Missing argument 1 for Admin\Controller\AdminController::checkrule(), called in D:\wamp\www\Application\Admin\Controller\AdminController.class.php on line 10 and defined D:\wamp\www\Application\Admin\Controller\AdminController.class.php 第 17 行.
SQL: SHOW COLUMNS FROM `prj_auth_group_access` [ RunTime:0.0060s ]
SQL: SELECT `uid`,`group_id`,`title`,`rules` FROM prj_auth_group_access a INNER JOIN prj_auth_group g on a.group_id=g.id  WHERE ( a.uid='1' and g.status='1' )  [ RunTime:0.0010s ]
SQL: SHOW COLUMNS FROM `prj_auth_rule` [ RunTime:0.0070s ]
SQL: SELECT `condition`,`name` FROM `prj_auth_rule` WHERE `id` IN ('1') AND `status` = 1  [ RunTime:0.0010s ]
SQL: SHOW COLUMNS FROM `prj_menu` [ RunTime:0.0080s ]
SQL: SELECT `id`,`title`,`url` FROM `prj_menu` WHERE ( pid = 0 AND is_display = 1 ) ORDER BY sort asc  [ RunTime:0.0010s ]
INFO: [ view_parse ] --START--
INFO: [ template_filter ] --START--
INFO: Run Behavior\ContentReplaceBehavior [ RunTime:0.000000s ]
INFO: [ template_filter ] --END-- [ RunTime:0.000000s ]
NOTIC: [8] Undefined variable: title D:\wamp\www\Application\Runtime\Cache\Admin\b595b808c2ebeeeb0478ffc30bb4e87a.php 第 4 行.
INFO: Run Behavior\ParseTemplateBehavior [ RunTime:0.013000s ]
INFO: [ view_parse ] --END-- [ RunTime:0.013000s ]
INFO: [ view_filter ] --START--
INFO: Run Behavior\WriteHtmlCacheBehavior [ RunTime:0.001000s ]
INFO: [ view_filter ] --END-- [ RunTime:0.001000s ]
INFO: [ app_end ] --START--
INFO: Run Behavior\ShowPageTraceBehavior [ RunTime:0.001000s ]
INFO: [ app_end ] --END-- [ RunTime:0.001000s ]

[ 2016-06-01T15:00:52+08:00 ] ::1 /index.php?s=/Admin/Index/index
INFO: [ app_init ] --START--
INFO: Run Behavior\BuildLiteBehavior [ RunTime:0.000000s ]
INFO: [ app_init ] --END-- [ RunTime:0.001000s ]
INFO: [ app_begin ] --START--
INFO: Run Behavior\ReadHtmlCacheBehavior [ RunTime:0.002000s ]
INFO: [ app_begin ] --END-- [ RunTime:0.002000s ]
NOTIC: [8] Use of undefined constant UID - assumed 'UID' D:\wamp\www\Application\Admin\Controller\AdminController.class.php 第 6 行.
NOTIC: [2] Missing argument 1 for Admin\Controller\AdminController::checkrule(), called in D:\wamp\www\Application\Admin\Controller\AdminController.class.php on line 10 and defined D:\wamp\www\Application\Admin\Controller\AdminController.class.php 第 17 行.
SQL: SHOW COLUMNS FROM `prj_auth_group_access` [ RunTime:0.0070s ]
SQL: SELECT `uid`,`group_id`,`title`,`rules` FROM prj_auth_group_access a INNER JOIN prj_auth_group g on a.group_id=g.id  WHERE ( a.uid='1' and g.status='1' )  [ RunTime:0.0010s ]
SQL: SHOW COLUMNS FROM `prj_auth_rule` [ RunTime:0.0070s ]
SQL: SELECT `condition`,`name` FROM `prj_auth_rule` WHERE `id` IN ('1') AND `status` = 1  [ RunTime:0.0010s ]
INFO: [ view_parse ] --START--
INFO: [ template_filter ] --START--
INFO: Run Behavior\ContentReplaceBehavior [ RunTime:0.000000s ]
INFO: [ template_filter ] --END-- [ RunTime:0.000000s ]
INFO: Run Behavior\ParseTemplateBehavior [ RunTime:0.022000s ]
INFO: [ view_parse ] --END-- [ RunTime:0.022000s ]
INFO: [ view_filter ] --START--
INFO: Run Behavior\WriteHtmlCacheBehavior [ RunTime:0.001000s ]
INFO: [ view_filter ] --END-- [ RunTime:0.001000s ]

[ 2016-06-01T15:01:07+08:00 ] ::1 /index.php?m=/Admin/
INFO: [ app_init ] --START--
INFO: Run Behavior\BuildLiteBehavior [ RunTime:0.000000s ]
INFO: [ app_init ] --END-- [ RunTime:0.001000s ]
INFO: [ app_begin ] --START--
INFO: Run Behavior\ReadHtmlCacheBehavior [ RunTime:0.001000s ]
INFO: [ app_begin ] --END-- [ RunTime:0.002000s ]
ERR: 无法加载控制器:Index

[ 2016-06-01T15:01:08+08:00 ] ::1 /index.php?m=/Admin/
INFO: [ app_init ] --START--
INFO: Run Behavior\BuildLiteBehavior [ RunTime:0.000000s ]
INFO: [ app_init ] --END-- [ RunTime:0.001000s ]
INFO: [ app_begin ] --START--
INFO: Run Behavior\ReadHtmlCacheBehavior [ RunTime:0.001000s ]
INFO: [ app_begin ] --END-- [ RunTime:0.002000s ]
ERR: 无法加载控制器:Index

[ 2016-06-01T15:01:18+08:00 ] ::1 /index.php?m=/Admin/
INFO: [ app_init ] --START--
INFO: Run Behavior\BuildLiteBehavior [ RunTime:0.000000s ]
INFO: [ app_init ] --END-- [ RunTime:0.001000s ]
INFO: [ app_begin ] --START--
INFO: Run Behavior\ReadHtmlCacheBehavior [ RunTime:0.001000s ]
INFO: [ app_begin ] --END-- [ RunTime:0.001000s ]
ERR: 无法加载控制器:Index

[ 2016-06-01T15:01:31+08:00 ] ::1 /index.php?s=/Admin/Index/index
INFO: [ app_init ] --START--
INFO: Run Behavior\BuildLiteBehavior [ RunTime:0.000000s ]
INFO: [ app_init ] --END-- [ RunTime:0.001000s ]
INFO: [ app_begin ] --START--
INFO: Run Behavior\ReadHtmlCacheBehavior [ RunTime:0.001000s ]
INFO: [ app_begin ] --END-- [ RunTime:0.002000s ]
NOTIC: [8] Use of undefined constant UID - assumed 'UID' D:\wamp\www\Application\Admin\Controller\AdminController.class.php 第 6 行.
NOTIC: [2] Missing argument 1 for Admin\Controller\AdminController::checkrule(), called in D:\wamp\www\Application\Admin\Controller\AdminController.class.php on line 10 and defined D:\wamp\www\Application\Admin\Controller\AdminController.class.php 第 17 行.
SQL: SHOW COLUMNS FROM `prj_auth_group_access` [ RunTime:0.0080s ]
SQL: SELECT `uid`,`group_id`,`title`,`rules` FROM prj_auth_group_access a INNER JOIN prj_auth_group g on a.group_id=g.id  WHERE ( a.uid='1' and g.status='1' )  [ RunTime:0.0010s ]
SQL: SHOW COLUMNS FROM `prj_auth_rule` [ RunTime:0.0070s ]
SQL: SELECT `condition`,`name` FROM `prj_auth_rule` WHERE `id` IN ('1') AND `status` = 1  [ RunTime:0.0000s ]
SQL: SHOW COLUMNS FROM `prj_menu` [ RunTime:0.0060s ]
SQL: SELECT `id`,`title`,`url` FROM `prj_menu` WHERE ( pid = 0 AND is_display = 1 ) ORDER BY sort asc  [ RunTime:0.0010s ]
INFO: [ view_parse ] --START--
INFO: [ template_filter ] --START--
INFO: Run Behavior\ContentReplaceBehavior [ RunTime:0.000000s ]
INFO: [ template_filter ] --END-- [ RunTime:0.001000s ]
NOTIC: [8] Undefined variable: title D:\wamp\www\Application\Runtime\Cache\Admin\b595b808c2ebeeeb0478ffc30bb4e87a.php 第 4 行.
INFO: Run Behavior\ParseTemplateBehavior [ RunTime:0.012000s ]
INFO: [ view_parse ] --END-- [ RunTime:0.013000s ]
INFO: [ view_filter ] --START--
INFO: Run Behavior\WriteHtmlCacheBehavior [ RunTime:0.000000s ]
INFO: [ view_filter ] --END-- [ RunTime:0.001000s ]
INFO: [ app_end ] --START--
INFO: Run Behavior\ShowPageTraceBehavior [ RunTime:0.001000s ]
INFO: [ app_end ] --END-- [ RunTime:0.001000s ]

[ 2016-06-01T15:02:13+08:00 ] ::1 /index.php?s=/Admin/Index/index
INFO: [ app_init ] --START--
INFO: Run Behavior\BuildLiteBehavior [ RunTime:0.000000s ]
INFO: [ app_init ] --END-- [ RunTime:0.001000s ]
INFO: [ app_begin ] --START--
INFO: Run Behavior\ReadHtmlCacheBehavior [ RunTime:0.002000s ]
INFO: [ app_begin ] --END-- [ RunTime:0.002000s ]
NOTIC: [8] Use of undefined constant UID - assumed 'UID' D:\wamp\www\Application\Admin\Controller\AdminController.class.php 第 6 行.
NOTIC: [2] Missing argument 1 for Admin\Controller\AdminController::checkrule(), called in D:\wamp\www\Application\Admin\Controller\AdminController.class.php on line 10 and defined D:\wamp\www\Application\Admin\Controller\AdminController.class.php 第 17 行.
SQL: SHOW COLUMNS FROM `prj_auth_group_access` [ RunTime:0.0070s ]
SQL: SELECT `uid`,`group_id`,`title`,`rules` FROM prj_auth_group_access a INNER JOIN prj_auth_group g on a.group_id=g.id  WHERE ( a.uid='1' and g.status='1' )  [ RunTime:0.0000s ]
SQL: SHOW COLUMNS FROM `prj_auth_rule` [ RunTime:0.0070s ]
SQL: SELECT `condition`,`name` FROM `prj_auth_rule` WHERE `id` IN ('1') AND `status` = 1  [ RunTime:0.0000s ]
SQL: SHOW COLUMNS FROM `prj_menu` [ RunTime:0.0070s ]
SQL: SELECT `id`,`title`,`url` FROM `prj_menu` WHERE ( pid = 0 AND is_display = 1 ) ORDER BY sort asc  [ RunTime:0.0010s ]
INFO: [ view_parse ] --START--
INFO: [ template_filter ] --START--
INFO: Run Behavior\ContentReplaceBehavior [ RunTime:0.001000s ]
INFO: [ template_filter ] --END-- [ RunTime:0.001000s ]
NOTIC: [8] Undefined variable: title D:\wamp\www\Application\Runtime\Cache\Admin\b595b808c2ebeeeb0478ffc30bb4e87a.php 第 4 行.
INFO: Run Behavior\ParseTemplateBehavior [ RunTime:0.012000s ]
INFO: [ view_parse ] --END-- [ RunTime:0.012000s ]
INFO: [ view_filter ] --START--
INFO: Run Behavior\WriteHtmlCacheBehavior [ RunTime:0.001000s ]
INFO: [ view_filter ] --END-- [ RunTime:0.001000s ]
INFO: [ app_end ] --START--
INFO: Run Behavior\ShowPageTraceBehavior [ RunTime:0.000000s ]
INFO: [ app_end ] --END-- [ RunTime:0.002000s ]

[ 2016-06-01T15:04:17+08:00 ] ::1 /index.php?s=/Admin/Index/index
INFO: [ app_init ] --START--
INFO: Run Behavior\BuildLiteBehavior [ RunTime:0.000000s ]
INFO: [ app_init ] --END-- [ RunTime:0.001000s ]
INFO: [ app_begin ] --START--
INFO: Run Behavior\ReadHtmlCacheBehavior [ RunTime:0.001000s ]
INFO: [ app_begin ] --END-- [ RunTime:0.001000s ]
NOTIC: [8] Use of undefined constant UID - assumed 'UID' D:\wamp\www\Application\Admin\Controller\AdminController.class.php 第 6 行.
NOTIC: [2] Missing argument 1 for Admin\Controller\AdminController::checkrule(), called in D:\wamp\www\Application\Admin\Controller\AdminController.class.php on line 10 and defined D:\wamp\www\Application\Admin\Controller\AdminController.class.php 第 17 行.
NOTIC: [8] Undefined variable: rule D:\wamp\www\Application\Admin\Controller\AdminController.class.php 第 22 行.
SQL: SHOW COLUMNS FROM `prj_auth_group_access` [ RunTime:0.0080s ]
SQL: SELECT `uid`,`group_id`,`title`,`rules` FROM prj_auth_group_access a INNER JOIN prj_auth_group g on a.group_id=g.id  WHERE ( a.uid='1' and g.status='1' )  [ RunTime:0.0010s ]
SQL: SHOW COLUMNS FROM `prj_auth_rule` [ RunTime:0.0070s ]
SQL: SELECT `condition`,`name` FROM `prj_auth_rule` WHERE `id` IN ('1') AND `status` = 1  [ RunTime:0.0010s ]
NOTIC: [2] in_array() expects parameter 2 to be array, null given D:\wamp\www\ThinkPHP\Library\Think\Auth.class.php 第 126 行.
NOTIC: [2] array_diff(): Argument #1 is not an array D:\wamp\www\ThinkPHP\Library\Think\Auth.class.php 第 133 行.
INFO: [ view_parse ] --START--
INFO: [ template_filter ] --START--
INFO: Run Behavior\ContentReplaceBehavior [ RunTime:0.000000s ]
INFO: [ template_filter ] --END-- [ RunTime:0.000000s ]
INFO: Run Behavior\ParseTemplateBehavior [ RunTime:0.012000s ]
INFO: [ view_parse ] --END-- [ RunTime:0.012000s ]
INFO: [ view_filter ] --START--
INFO: Run Behavior\WriteHtmlCacheBehavior [ RunTime:0.000000s ]
INFO: [ view_filter ] --END-- [ RunTime:0.001000s ]

[ 2016-06-01T15:04:58+08:00 ] ::1 /index.php?m=/Admin/
INFO: [ app_init ] --START--
INFO: Run Behavior\BuildLiteBehavior [ RunTime:0.000000s ]
INFO: [ app_init ] --END-- [ RunTime:0.001000s ]
INFO: [ app_begin ] --START--
INFO: Run Behavior\ReadHtmlCacheBehavior [ RunTime:0.001000s ]
INFO: [ app_begin ] --END-- [ RunTime:0.001000s ]
ERR: 无法加载控制器:Index

[ 2016-06-01T15:05:22+08:00 ] ::1 /index.php?s=/Admin/Index/index
INFO: [ app_init ] --START--
INFO: Run Behavior\BuildLiteBehavior [ RunTime:0.000000s ]
INFO: [ app_init ] --END-- [ RunTime:0.001000s ]
INFO: [ app_begin ] --START--
INFO: Run Behavior\ReadHtmlCacheBehavior [ RunTime:0.001000s ]
INFO: [ app_begin ] --END-- [ RunTime:0.001000s ]
NOTIC: [8] Use of undefined constant UID - assumed 'UID' D:\wamp\www\Application\Admin\Controller\AdminController.class.php 第 6 行.
NOTIC: [2] Missing argument 1 for Admin\Controller\AdminController::checkrule(), called in D:\wamp\www\Application\Admin\Controller\AdminController.class.php on line 10 and defined D:\wamp\www\Application\Admin\Controller\AdminController.class.php 第 17 行.
NOTIC: [8] Undefined variable: rule D:\wamp\www\Application\Admin\Controller\AdminController.class.php 第 22 行.
SQL: SHOW COLUMNS FROM `prj_auth_group_access` [ RunTime:0.0070s ]
SQL: SELECT `uid`,`group_id`,`title`,`rules` FROM prj_auth_group_access a INNER JOIN prj_auth_group g on a.group_id=g.id  WHERE ( a.uid='1' and g.status='1' )  [ RunTime:0.0000s ]
SQL: SHOW COLUMNS FROM `prj_auth_rule` [ RunTime:0.0060s ]
SQL: SELECT `condition`,`name` FROM `prj_auth_rule` WHERE `id` IN ('1') AND `status` = 1  [ RunTime:0.0010s ]
NOTIC: [2] in_array() expects parameter 2 to be array, null given D:\wamp\www\ThinkPHP\Library\Think\Auth.class.php 第 126 行.
NOTIC: [2] array_diff(): Argument #1 is not an array D:\wamp\www\ThinkPHP\Library\Think\Auth.class.php 第 133 行.
INFO: [ view_parse ] --START--
INFO: [ template_filter ] --START--
INFO: Run Behavior\ContentReplaceBehavior [ RunTime:0.000000s ]
INFO: [ template_filter ] --END-- [ RunTime:0.000000s ]
INFO: Run Behavior\ParseTemplateBehavior [ RunTime:0.011000s ]
INFO: [ view_parse ] --END-- [ RunTime:0.012000s ]
INFO: [ view_filter ] --START--
INFO: Run Behavior\WriteHtmlCacheBehavior [ RunTime:0.000000s ]
INFO: [ view_filter ] --END-- [ RunTime:0.000000s ]

[ 2016-06-01T15:05:41+08:00 ] ::1 /index.php?s=/Admin/Index/index
INFO: [ app_init ] --START--
INFO: Run Behavior\BuildLiteBehavior [ RunTime:0.000000s ]
INFO: [ app_init ] --END-- [ RunTime:0.001000s ]
INFO: [ app_begin ] --START--
INFO: Run Behavior\ReadHtmlCacheBehavior [ RunTime:0.001000s ]
INFO: [ app_begin ] --END-- [ RunTime:0.002000s ]
NOTIC: [8] Use of undefined constant UID - assumed 'UID' D:\wamp\www\Application\Admin\Controller\AdminController.class.php 第 6 行.
NOTIC: [2] Missing argument 1 for Admin\Controller\AdminController::checkrule(), called in D:\wamp\www\Application\Admin\Controller\AdminController.class.php on line 10 and defined D:\wamp\www\Application\Admin\Controller\AdminController.class.php 第 17 行.
NOTIC: [8] Undefined variable: rule D:\wamp\www\Application\Admin\Controller\AdminController.class.php 第 22 行.
SQL: SHOW COLUMNS FROM `prj_auth_group_access` [ RunTime:0.0070s ]
SQL: SELECT `uid`,`group_id`,`title`,`rules` FROM prj_auth_group_access a INNER JOIN prj_auth_group g on a.group_id=g.id  WHERE ( a.uid='1' and g.status='1' )  [ RunTime:0.0000s ]
SQL: SHOW COLUMNS FROM `prj_auth_rule` [ RunTime:0.0080s ]
SQL: SELECT `condition`,`name` FROM `prj_auth_rule` WHERE `id` IN ('1') AND `status` = 1  [ RunTime:0.0000s ]
NOTIC: [2] in_array() expects parameter 2 to be array, null given D:\wamp\www\ThinkPHP\Library\Think\Auth.class.php 第 126 行.
NOTIC: [2] array_diff(): Argument #1 is not an array D:\wamp\www\ThinkPHP\Library\Think\Auth.class.php 第 133 行.
INFO: [ view_parse ] --START--
INFO: [ template_filter ] --START--
INFO: Run Behavior\ContentReplaceBehavior [ RunTime:0.001000s ]
INFO: [ template_filter ] --END-- [ RunTime:0.001000s ]
INFO: Run Behavior\ParseTemplateBehavior [ RunTime:0.011000s ]
INFO: [ view_parse ] --END-- [ RunTime:0.011000s ]
INFO: [ view_filter ] --START--
INFO: Run Behavior\WriteHtmlCacheBehavior [ RunTime:0.001000s ]
INFO: [ view_filter ] --END-- [ RunTime:0.001000s ]

[ 2016-06-01T15:05:56+08:00 ] ::1 /index.php/Admin/Index/index
INFO: [ app_init ] --START--
INFO: Run Behavior\BuildLiteBehavior [ RunTime:0.001000s ]
INFO: [ app_init ] --END-- [ RunTime:0.001000s ]
INFO: [ app_begin ] --START--
INFO: Run Behavior\ReadHtmlCacheBehavior [ RunTime:0.000000s ]
INFO: [ app_begin ] --END-- [ RunTime:0.002000s ]
NOTIC: [8] Use of undefined constant UID - assumed 'UID' D:\wamp\www\Application\Admin\Controller\AdminController.class.php 第 6 行.
NOTIC: [2] Missing argument 1 for Admin\Controller\AdminController::checkrule(), called in D:\wamp\www\Application\Admin\Controller\AdminController.class.php on line 10 and defined D:\wamp\www\Application\Admin\Controller\AdminController.class.php 第 17 行.
NOTIC: [8] Undefined variable: rule D:\wamp\www\Application\Admin\Controller\AdminController.class.php 第 22 行.
SQL: SHOW COLUMNS FROM `prj_auth_group_access` [ RunTime:0.0070s ]
SQL: SELECT `uid`,`group_id`,`title`,`rules` FROM prj_auth_group_access a INNER JOIN prj_auth_group g on a.group_id=g.id  WHERE ( a.uid='1' and g.status='1' )  [ RunTime:0.0010s ]
SQL: SHOW COLUMNS FROM `prj_auth_rule` [ RunTime:0.0070s ]
SQL: SELECT `condition`,`name` FROM `prj_auth_rule` WHERE `id` IN ('1') AND `status` = 1  [ RunTime:0.0010s ]
NOTIC: [2] in_array() expects parameter 2 to be array, null given D:\wamp\www\ThinkPHP\Library\Think\Auth.class.php 第 126 行.
NOTIC: [2] array_diff(): Argument #1 is not an array D:\wamp\www\ThinkPHP\Library\Think\Auth.class.php 第 133 行.
INFO: [ view_parse ] --START--
INFO: [ template_filter ] --START--
INFO: Run Behavior\ContentReplaceBehavior [ RunTime:0.000000s ]
INFO: [ template_filter ] --END-- [ RunTime:0.000000s ]
INFO: Run Behavior\ParseTemplateBehavior [ RunTime:0.011000s ]
INFO: [ view_parse ] --END-- [ RunTime:0.011000s ]
INFO: [ view_filter ] --START--
INFO: Run Behavior\WriteHtmlCacheBehavior [ RunTime:0.001000s ]
INFO: [ view_filter ] --END-- [ RunTime:0.001000s ]

[ 2016-06-01T15:07:13+08:00 ] ::1 /index.php?m=/Admin/
INFO: [ app_init ] --START--
INFO: Run Behavior\BuildLiteBehavior [ RunTime:0.000000s ]
INFO: [ app_init ] --END-- [ RunTime:0.002000s ]
INFO: [ app_begin ] --START--
INFO: Run Behavior\ReadHtmlCacheBehavior [ RunTime:0.002000s ]
INFO: [ app_begin ] --END-- [ RunTime:0.002000s ]
ERR: 无法加载控制器:Index

[ 2016-06-01T15:07:18+08:00 ] ::1 /index.php/Admin/Index/index
INFO: [ app_init ] --START--
INFO: Run Behavior\BuildLiteBehavior [ RunTime:0.000000s ]
INFO: [ app_init ] --END-- [ RunTime:0.001000s ]
INFO: [ app_begin ] --START--
INFO: Run Behavior\ReadHtmlCacheBehavior [ RunTime:0.002000s ]
INFO: [ app_begin ] --END-- [ RunTime:0.002000s ]
NOTIC: [8] Use of undefined constant UID - assumed 'UID' D:\wamp\www\Application\Admin\Controller\AdminController.class.php 第 6 行.
SQL: SHOW COLUMNS FROM `prj_auth_group_access` [ RunTime:0.0080s ]
SQL: SELECT `uid`,`group_id`,`title`,`rules` FROM prj_auth_group_access a INNER JOIN prj_auth_group g on a.group_id=g.id  WHERE ( a.uid='1' and g.status='1' )  [ RunTime:0.0010s ]
SQL: SHOW COLUMNS FROM `prj_auth_rule` [ RunTime:0.0070s ]
SQL: SELECT `condition`,`name` FROM `prj_auth_rule` WHERE `id` IN ('1') AND `status` = 1  [ RunTime:0.0010s ]
INFO: [ view_parse ] --START--
INFO: [ template_filter ] --START--
INFO: Run Behavior\ContentReplaceBehavior [ RunTime:0.000000s ]
INFO: [ template_filter ] --END-- [ RunTime:0.001000s ]
INFO: Run Behavior\ParseTemplateBehavior [ RunTime:0.012000s ]
INFO: [ view_parse ] --END-- [ RunTime:0.012000s ]
INFO: [ view_filter ] --START--
INFO: Run Behavior\WriteHtmlCacheBehavior [ RunTime:0.001000s ]
INFO: [ view_filter ] --END-- [ RunTime:0.001000s ]

[ 2016-06-01T15:07:21+08:00 ] ::1 /index.php?m=/Admin/
INFO: [ app_init ] --START--
INFO: Run Behavior\BuildLiteBehavior [ RunTime:0.000000s ]
INFO: [ app_init ] --END-- [ RunTime:0.001000s ]
INFO: [ app_begin ] --START--
INFO: Run Behavior\ReadHtmlCacheBehavior [ RunTime:0.001000s ]
INFO: [ app_begin ] --END-- [ RunTime:0.001000s ]
ERR: 无法加载控制器:Index

[ 2016-06-01T15:07:38+08:00 ] ::1 /index.php?m=/Admin/
INFO: [ app_init ] --START--
INFO: Run Behavior\BuildLiteBehavior [ RunTime:0.000000s ]
INFO: [ app_init ] --END-- [ RunTime:0.001000s ]
INFO: [ app_begin ] --START--
INFO: Run Behavior\ReadHtmlCacheBehavior [ RunTime:0.001000s ]
INFO: [ app_begin ] --END-- [ RunTime:0.001000s ]
ERR: 无法加载控制器:Index

[ 2016-06-01T15:07:48+08:00 ] ::1 /index.php/Admin/Index/index
INFO: [ app_init ] --START--
INFO: Run Behavior\BuildLiteBehavior [ RunTime:0.000000s ]
INFO: [ app_init ] --END-- [ RunTime:0.002000s ]
INFO: [ app_begin ] --START--
INFO: Run Behavior\ReadHtmlCacheBehavior [ RunTime:0.001000s ]
INFO: [ app_begin ] --END-- [ RunTime:0.001000s ]
NOTIC: [8] Use of undefined constant UID - assumed 'UID' D:\wamp\www\Application\Admin\Controller\AdminController.class.php 第 6 行.

[ 2016-06-01T15:08:18+08:00 ] ::1 /index.php/Admin/Index/index
INFO: [ app_init ] --START--
INFO: Run Behavior\BuildLiteBehavior [ RunTime:0.000000s ]
INFO: [ app_init ] --END-- [ RunTime:0.001000s ]
INFO: [ app_begin ] --START--
INFO: Run Behavior\ReadHtmlCacheBehavior [ RunTime:0.002000s ]
INFO: [ app_begin ] --END-- [ RunTime:0.002000s ]
NOTIC: [8] Use of undefined constant UID - assumed 'UID' D:\wamp\www\Application\Admin\Controller\AdminController.class.php 第 6 行.
SQL: SHOW COLUMNS FROM `prj_auth_group_access` [ RunTime:0.0060s ]
SQL: SELECT `uid`,`group_id`,`title`,`rules` FROM prj_auth_group_access a INNER JOIN prj_auth_group g on a.group_id=g.id  WHERE ( a.uid='1' and g.status='1' )  [ RunTime:0.0010s ]
SQL: SHOW COLUMNS FROM `prj_auth_rule` [ RunTime:0.0080s ]
SQL: SELECT `condition`,`name` FROM `prj_auth_rule` WHERE `id` IN ('1') AND `status` = 1  [ RunTime:0.0010s ]
INFO: [ view_parse ] --START--
INFO: [ template_filter ] --START--
INFO: Run Behavior\ContentReplaceBehavior [ RunTime:0.000000s ]
INFO: [ template_filter ] --END-- [ RunTime:0.000000s ]
INFO: Run Behavior\ParseTemplateBehavior [ RunTime:0.012000s ]
INFO: [ view_parse ] --END-- [ RunTime:0.013000s ]
INFO: [ view_filter ] --START--
INFO: Run Behavior\WriteHtmlCacheBehavior [ RunTime:0.000000s ]
INFO: [ view_filter ] --END-- [ RunTime:0.001000s ]

[ 2016-06-01T15:08:51+08:00 ] ::1 /index.php/Admin/Index/index
INFO: [ app_init ] --START--
INFO: Run Behavior\BuildLiteBehavior [ RunTime:0.000000s ]
INFO: [ app_init ] --END-- [ RunTime:0.001000s ]
INFO: [ app_begin ] --START--
INFO: Run Behavior\ReadHtmlCacheBehavior [ RunTime:0.001000s ]
INFO: [ app_begin ] --END-- [ RunTime:0.001000s ]
NOTIC: [8] Use of undefined constant UID - assumed 'UID' D:\wamp\www\Application\Admin\Controller\AdminController.class.php 第 6 行.
SQL: SHOW COLUMNS FROM `prj_auth_group_access` [ RunTime:0.0070s ]
SQL: SELECT `uid`,`group_id`,`title`,`rules` FROM prj_auth_group_access a INNER JOIN prj_auth_group g on a.group_id=g.id  WHERE ( a.uid='1' and g.status='1' )  [ RunTime:0.0000s ]
SQL: SHOW COLUMNS FROM `prj_auth_rule` [ RunTime:0.0070s ]
SQL: SELECT `condition`,`name` FROM `prj_auth_rule` WHERE `id` IN ('1') AND `status` = 1  [ RunTime:0.0000s ]
INFO: [ view_parse ] --START--
INFO: [ template_filter ] --START--
INFO: Run Behavior\ContentReplaceBehavior [ RunTime:0.000000s ]
INFO: [ template_filter ] --END-- [ RunTime:0.000000s ]
INFO: Run Behavior\ParseTemplateBehavior [ RunTime:0.012000s ]
INFO: [ view_parse ] --END-- [ RunTime:0.012000s ]
INFO: [ view_filter ] --START--
INFO: Run Behavior\WriteHtmlCacheBehavior [ RunTime:0.001000s ]
INFO: [ view_filter ] --END-- [ RunTime:0.001000s ]

[ 2016-06-01T15:08:52+08:00 ] ::1 /index.php/Admin/Index/index
INFO: [ app_init ] --START--
INFO: Run Behavior\BuildLiteBehavior [ RunTime:0.000000s ]
INFO: [ app_init ] --END-- [ RunTime:0.001000s ]
INFO: [ app_begin ] --START--
INFO: Run Behavior\ReadHtmlCacheBehavior [ RunTime:0.002000s ]
INFO: [ app_begin ] --END-- [ RunTime:0.002000s ]
NOTIC: [8] Use of undefined constant UID - assumed 'UID' D:\wamp\www\Application\Admin\Controller\AdminController.class.php 第 6 行.
SQL: SHOW COLUMNS FROM `prj_auth_group_access` [ RunTime:0.0070s ]
SQL: SELECT `uid`,`group_id`,`title`,`rules` FROM prj_auth_group_access a INNER JOIN prj_auth_group g on a.group_id=g.id  WHERE ( a.uid='1' and g.status='1' )  [ RunTime:0.0010s ]
SQL: SHOW COLUMNS FROM `prj_auth_rule` [ RunTime:0.0060s ]
SQL: SELECT `condition`,`name` FROM `prj_auth_rule` WHERE `id` IN ('1') AND `status` = 1  [ RunTime:0.0000s ]
INFO: [ view_parse ] --START--
INFO: [ template_filter ] --START--
INFO: Run Behavior\ContentReplaceBehavior [ RunTime:0.000000s ]
INFO: [ template_filter ] --END-- [ RunTime:0.000000s ]
INFO: Run Behavior\ParseTemplateBehavior [ RunTime:0.011000s ]
INFO: [ view_parse ] --END-- [ RunTime:0.011000s ]
INFO: [ view_filter ] --START--
INFO: Run Behavior\WriteHtmlCacheBehavior [ RunTime:0.001000s ]
INFO: [ view_filter ] --END-- [ RunTime:0.001000s ]

[ 2016-06-01T15:08:53+08:00 ] ::1 /index.php/Admin/Index/index
INFO: [ app_init ] --START--
INFO: Run Behavior\BuildLiteBehavior [ RunTime:0.000000s ]
INFO: [ app_init ] --END-- [ RunTime:0.001000s ]
INFO: [ app_begin ] --START--
INFO: Run Behavior\ReadHtmlCacheBehavior [ RunTime:0.001000s ]
INFO: [ app_begin ] --END-- [ RunTime:0.002000s ]
NOTIC: [8] Use of undefined constant UID - assumed 'UID' D:\wamp\www\Application\Admin\Controller\AdminController.class.php 第 6 行.
SQL: SHOW COLUMNS FROM `prj_auth_group_access` [ RunTime:0.0070s ]
SQL: SELECT `uid`,`group_id`,`title`,`rules` FROM prj_auth_group_access a INNER JOIN prj_auth_group g on a.group_id=g.id  WHERE ( a.uid='1' and g.status='1' )  [ RunTime:0.0010s ]
SQL: SHOW COLUMNS FROM `prj_auth_rule` [ RunTime:0.0080s ]
SQL: SELECT `condition`,`name` FROM `prj_auth_rule` WHERE `id` IN ('1') AND `status` = 1  [ RunTime:0.0000s ]
INFO: [ view_parse ] --START--
INFO: [ template_filter ] --START--
INFO: Run Behavior\ContentReplaceBehavior [ RunTime:0.000000s ]
INFO: [ template_filter ] --END-- [ RunTime:0.001000s ]
INFO: Run Behavior\ParseTemplateBehavior [ RunTime:0.011000s ]
INFO: [ view_parse ] --END-- [ RunTime:0.011000s ]
INFO: [ view_filter ] --START--
INFO: Run Behavior\WriteHtmlCacheBehavior [ RunTime:0.000000s ]
INFO: [ view_filter ] --END-- [ RunTime:0.000000s ]

[ 2016-06-01T15:08:53+08:00 ] ::1 /index.php/Admin/Index/index
INFO: [ app_init ] --START--
INFO: Run Behavior\BuildLiteBehavior [ RunTime:0.000000s ]
INFO: [ app_init ] --END-- [ RunTime:0.001000s ]
INFO: [ app_begin ] --START--
INFO: Run Behavior\ReadHtmlCacheBehavior [ RunTime:0.001000s ]
INFO: [ app_begin ] --END-- [ RunTime:0.002000s ]
NOTIC: [8] Use of undefined constant UID - assumed 'UID' D:\wamp\www\Application\Admin\Controller\AdminController.class.php 第 6 行.
SQL: SHOW COLUMNS FROM `prj_auth_group_access` [ RunTime:0.0070s ]
SQL: SELECT `uid`,`group_id`,`title`,`rules` FROM prj_auth_group_access a INNER JOIN prj_auth_group g on a.group_id=g.id  WHERE ( a.uid='1' and g.status='1' )  [ RunTime:0.0010s ]
SQL: SHOW COLUMNS FROM `prj_auth_rule` [ RunTime:0.0060s ]
SQL: SELECT `condition`,`name` FROM `prj_auth_rule` WHERE `id` IN ('1') AND `status` = 1  [ RunTime:0.0010s ]
INFO: [ view_parse ] --START--
INFO: [ template_filter ] --START--
INFO: Run Behavior\ContentReplaceBehavior [ RunTime:0.000000s ]
INFO: [ template_filter ] --END-- [ RunTime:0.000000s ]
INFO: Run Behavior\ParseTemplateBehavior [ RunTime:0.011000s ]
INFO: [ view_parse ] --END-- [ RunTime:0.011000s ]
INFO: [ view_filter ] --START--
INFO: Run Behavior\WriteHtmlCacheBehavior [ RunTime:0.001000s ]
INFO: [ view_filter ] --END-- [ RunTime:0.001000s ]

[ 2016-06-01T15:08:53+08:00 ] ::1 /index.php/Admin/Index/index
INFO: [ app_init ] --START--
INFO: Run Behavior\BuildLiteBehavior [ RunTime:0.000000s ]
INFO: [ app_init ] --END-- [ RunTime:0.001000s ]
INFO: [ app_begin ] --START--
INFO: Run Behavior\ReadHtmlCacheBehavior [ RunTime:0.000000s ]
INFO: [ app_begin ] --END-- [ RunTime:0.002000s ]
NOTIC: [8] Use of undefined constant UID - assumed 'UID' D:\wamp\www\Application\Admin\Controller\AdminController.class.php 第 6 行.
SQL: SHOW COLUMNS FROM `prj_auth_group_access` [ RunTime:0.0070s ]
SQL: SELECT `uid`,`group_id`,`title`,`rules` FROM prj_auth_group_access a INNER JOIN prj_auth_group g on a.group_id=g.id  WHERE ( a.uid='1' and g.status='1' )  [ RunTime:0.0010s ]
SQL: SHOW COLUMNS FROM `prj_auth_rule` [ RunTime:0.0070s ]
SQL: SELECT `condition`,`name` FROM `prj_auth_rule` WHERE `id` IN ('1') AND `status` = 1  [ RunTime:0.0010s ]
INFO: [ view_parse ] --START--
INFO: [ template_filter ] --START--
INFO: Run Behavior\ContentReplaceBehavior [ RunTime:0.000000s ]
INFO: [ template_filter ] --END-- [ RunTime:0.000000s ]
INFO: Run Behavior\ParseTemplateBehavior [ RunTime:0.011000s ]
INFO: [ view_parse ] --END-- [ RunTime:0.011000s ]
INFO: [ view_filter ] --START--
INFO: Run Behavior\WriteHtmlCacheBehavior [ RunTime:0.001000s ]
INFO: [ view_filter ] --END-- [ RunTime:0.001000s ]

[ 2016-06-01T15:08:53+08:00 ] ::1 /index.php/Admin/Index/index
INFO: [ app_init ] --START--
INFO: Run Behavior\BuildLiteBehavior [ RunTime:0.000000s ]
INFO: [ app_init ] --END-- [ RunTime:0.001000s ]
INFO: [ app_begin ] --START--
INFO: Run Behavior\ReadHtmlCacheBehavior [ RunTime:0.002000s ]
INFO: [ app_begin ] --END-- [ RunTime:0.002000s ]
NOTIC: [8] Use of undefined constant UID - assumed 'UID' D:\wamp\www\Application\Admin\Controller\AdminController.class.php 第 6 行.
SQL: SHOW COLUMNS FROM `prj_auth_group_access` [ RunTime:0.0070s ]
SQL: SELECT `uid`,`group_id`,`title`,`rules` FROM prj_auth_group_access a INNER JOIN prj_auth_group g on a.group_id=g.id  WHERE ( a.uid='1' and g.status='1' )  [ RunTime:0.0010s ]
SQL: SHOW COLUMNS FROM `prj_auth_rule` [ RunTime:0.0070s ]
SQL: SELECT `condition`,`name` FROM `prj_auth_rule` WHERE `id` IN ('1') AND `status` = 1  [ RunTime:0.0010s ]
INFO: [ view_parse ] --START--
INFO: [ template_filter ] --START--
INFO: Run Behavior\ContentReplaceBehavior [ RunTime:0.000000s ]
INFO: [ template_filter ] --END-- [ RunTime:0.000000s ]
INFO: Run Behavior\ParseTemplateBehavior [ RunTime:0.011000s ]
INFO: [ view_parse ] --END-- [ RunTime:0.011000s ]
INFO: [ view_filter ] --START--
INFO: Run Behavior\WriteHtmlCacheBehavior [ RunTime:0.001000s ]
INFO: [ view_filter ] --END-- [ RunTime:0.001000s ]

[ 2016-06-01T15:09:38+08:00 ] ::1 /index.php/Admin/Index/index
INFO: [ app_init ] --START--
INFO: Run Behavior\BuildLiteBehavior [ RunTime:0.000000s ]
INFO: [ app_init ] --END-- [ RunTime:0.001000s ]
INFO: [ app_begin ] --START--
INFO: Run Behavior\ReadHtmlCacheBehavior [ RunTime:0.001000s ]
INFO: [ app_begin ] --END-- [ RunTime:0.001000s ]
NOTIC: [8] Use of undefined constant UID - assumed 'UID' D:\wamp\www\Application\Admin\Controller\AdminController.class.php 第 6 行.
SQL: SHOW COLUMNS FROM `prj_auth_group_access` [ RunTime:0.0070s ]
SQL: SELECT `uid`,`group_id`,`title`,`rules` FROM prj_auth_group_access a INNER JOIN prj_auth_group g on a.group_id=g.id  WHERE ( a.uid='1' and g.status='1' )  [ RunTime:0.0000s ]
SQL: SHOW COLUMNS FROM `prj_auth_rule` [ RunTime:0.0080s ]
SQL: SELECT `condition`,`name` FROM `prj_auth_rule` WHERE `id` IN ('1') AND `status` = 1  [ RunTime:0.0000s ]
INFO: [ view_parse ] --START--
INFO: [ template_filter ] --START--
INFO: Run Behavior\ContentReplaceBehavior [ RunTime:0.000000s ]
INFO: [ template_filter ] --END-- [ RunTime:0.001000s ]
INFO: Run Behavior\ParseTemplateBehavior [ RunTime:0.012000s ]
INFO: [ view_parse ] --END-- [ RunTime:0.012000s ]
INFO: [ view_filter ] --START--
INFO: Run Behavior\WriteHtmlCacheBehavior [ RunTime:0.001000s ]
INFO: [ view_filter ] --END-- [ RunTime:0.001000s ]

[ 2016-06-01T15:09:39+08:00 ] ::1 /index.php/Admin/Index/index
INFO: [ app_init ] --START--
INFO: Run Behavior\BuildLiteBehavior [ RunTime:0.000000s ]
INFO: [ app_init ] --END-- [ RunTime:0.001000s ]
INFO: [ app_begin ] --START--
INFO: Run Behavior\ReadHtmlCacheBehavior [ RunTime:0.001000s ]
INFO: [ app_begin ] --END-- [ RunTime:0.001000s ]
NOTIC: [8] Use of undefined constant UID - assumed 'UID' D:\wamp\www\Application\Admin\Controller\AdminController.class.php 第 6 行.
SQL: SHOW COLUMNS FROM `prj_auth_group_access` [ RunTime:0.0060s ]
SQL: SELECT `uid`,`group_id`,`title`,`rules` FROM prj_auth_group_access a INNER JOIN prj_auth_group g on a.group_id=g.id  WHERE ( a.uid='1' and g.status='1' )  [ RunTime:0.0010s ]
SQL: SHOW COLUMNS FROM `prj_auth_rule` [ RunTime:0.0080s ]
SQL: SELECT `condition`,`name` FROM `prj_auth_rule` WHERE `id` IN ('1') AND `status` = 1  [ RunTime:0.0000s ]
INFO: [ view_parse ] --START--
INFO: [ template_filter ] --START--
INFO: Run Behavior\ContentReplaceBehavior [ RunTime:0.000000s ]
INFO: [ template_filter ] --END-- [ RunTime:0.001000s ]
INFO: Run Behavior\ParseTemplateBehavior [ RunTime:0.012000s ]
INFO: [ view_parse ] --END-- [ RunTime:0.012000s ]
INFO: [ view_filter ] --START--
INFO: Run Behavior\WriteHtmlCacheBehavior [ RunTime:0.001000s ]
INFO: [ view_filter ] --END-- [ RunTime:0.001000s ]

[ 2016-06-01T15:09:41+08:00 ] ::1 /index.php/Admin/Index/index
INFO: [ app_init ] --START--
INFO: Run Behavior\BuildLiteBehavior [ RunTime:0.000000s ]
INFO: [ app_init ] --END-- [ RunTime:0.001000s ]
INFO: [ app_begin ] --START--
INFO: Run Behavior\ReadHtmlCacheBehavior [ RunTime:0.001000s ]
INFO: [ app_begin ] --END-- [ RunTime:0.001000s ]
NOTIC: [8] Use of undefined constant UID - assumed 'UID' D:\wamp\www\Application\Admin\Controller\AdminController.class.php 第 6 行.
SQL: SHOW COLUMNS FROM `prj_auth_group_access` [ RunTime:0.0070s ]
SQL: SELECT `uid`,`group_id`,`title`,`rules` FROM prj_auth_group_access a INNER JOIN prj_auth_group g on a.group_id=g.id  WHERE ( a.uid='1' and g.status='1' )  [ RunTime:0.0010s ]
SQL: SHOW COLUMNS FROM `prj_auth_rule` [ RunTime:0.0070s ]
SQL: SELECT `condition`,`name` FROM `prj_auth_rule` WHERE `id` IN ('1') AND `status` = 1  [ RunTime:0.0010s ]
INFO: [ view_parse ] --START--
INFO: [ template_filter ] --START--
INFO: Run Behavior\ContentReplaceBehavior [ RunTime:0.001000s ]
INFO: [ template_filter ] --END-- [ RunTime:0.001000s ]
INFO: Run Behavior\ParseTemplateBehavior [ RunTime:0.013000s ]
INFO: [ view_parse ] --END-- [ RunTime:0.014000s ]
INFO: [ view_filter ] --START--
INFO: Run Behavior\WriteHtmlCacheBehavior [ RunTime:0.001000s ]
INFO: [ view_filter ] --END-- [ RunTime:0.001000s ]

[ 2016-06-01T15:09:43+08:00 ] ::1 /index.php/Admin/Index/index
INFO: [ app_init ] --START--
INFO: Run Behavior\BuildLiteBehavior [ RunTime:0.000000s ]
INFO: [ app_init ] --END-- [ RunTime:0.001000s ]
INFO: [ app_begin ] --START--
INFO: Run Behavior\ReadHtmlCacheBehavior [ RunTime:0.001000s ]
INFO: [ app_begin ] --END-- [ RunTime:0.001000s ]
NOTIC: [8] Use of undefined constant UID - assumed 'UID' D:\wamp\www\Application\Admin\Controller\AdminController.class.php 第 6 行.
SQL: SHOW COLUMNS FROM `prj_auth_group_access` [ RunTime:0.0070s ]
SQL: SELECT `uid`,`group_id`,`title`,`rules` FROM prj_auth_group_access a INNER JOIN prj_auth_group g on a.group_id=g.id  WHERE ( a.uid='1' and g.status='1' )  [ RunTime:0.0010s ]
SQL: SHOW COLUMNS FROM `prj_auth_rule` [ RunTime:0.0080s ]
SQL: SELECT `condition`,`name` FROM `prj_auth_rule` WHERE `id` IN ('1') AND `status` = 1  [ RunTime:0.0010s ]
INFO: [ view_parse ] --START--
INFO: [ template_filter ] --START--
INFO: Run Behavior\ContentReplaceBehavior [ RunTime:0.000000s ]
INFO: [ template_filter ] --END-- [ RunTime:0.000000s ]
INFO: Run Behavior\ParseTemplateBehavior [ RunTime:0.011000s ]
INFO: [ view_parse ] --END-- [ RunTime:0.011000s ]
INFO: [ view_filter ] --START--
INFO: Run Behavior\WriteHtmlCacheBehavior [ RunTime:0.001000s ]
INFO: [ view_filter ] --END-- [ RunTime:0.001000s ]

[ 2016-06-01T15:09:44+08:00 ] ::1 /index.php/Admin/Index/index
INFO: [ app_init ] --START--
INFO: Run Behavior\BuildLiteBehavior [ RunTime:0.000000s ]
INFO: [ app_init ] --END-- [ RunTime:0.001000s ]
INFO: [ app_begin ] --START--
INFO: Run Behavior\ReadHtmlCacheBehavior [ RunTime:0.001000s ]
INFO: [ app_begin ] --END-- [ RunTime:0.001000s ]
NOTIC: [8] Use of undefined constant UID - assumed 'UID' D:\wamp\www\Application\Admin\Controller\AdminController.class.php 第 6 行.
SQL: SHOW COLUMNS FROM `prj_auth_group_access` [ RunTime:0.0080s ]
SQL: SELECT `uid`,`group_id`,`title`,`rules` FROM prj_auth_group_access a INNER JOIN prj_auth_group g on a.group_id=g.id  WHERE ( a.uid='1' and g.status='1' )  [ RunTime:0.0000s ]
SQL: SHOW COLUMNS FROM `prj_auth_rule` [ RunTime:0.0070s ]
SQL: SELECT `condition`,`name` FROM `prj_auth_rule` WHERE `id` IN ('1') AND `status` = 1  [ RunTime:0.0010s ]
INFO: [ view_parse ] --START--
INFO: [ template_filter ] --START--
INFO: Run Behavior\ContentReplaceBehavior [ RunTime:0.000000s ]
INFO: [ template_filter ] --END-- [ RunTime:0.000000s ]
INFO: Run Behavior\ParseTemplateBehavior [ RunTime:0.011000s ]
INFO: [ view_parse ] --END-- [ RunTime:0.011000s ]
INFO: [ view_filter ] --START--
INFO: Run Behavior\WriteHtmlCacheBehavior [ RunTime:0.001000s ]
INFO: [ view_filter ] --END-- [ RunTime:0.001000s ]

[ 2016-06-01T15:13:30+08:00 ] ::1 /index.php/Admin/Index/index
INFO: [ app_init ] --START--
INFO: Run Behavior\BuildLiteBehavior [ RunTime:0.000000s ]
INFO: [ app_init ] --END-- [ RunTime:0.002000s ]
INFO: [ app_begin ] --START--
INFO: Run Behavior\ReadHtmlCacheBehavior [ RunTime:0.001000s ]
INFO: [ app_begin ] --END-- [ RunTime:0.002000s ]
NOTIC: [8] Use of undefined constant UID - assumed 'UID' D:\wamp\www\Application\Admin\Controller\AdminController.class.php 第 6 行.
SQL: SHOW COLUMNS FROM `prj_auth_group_access` [ RunTime:0.0070s ]
SQL: SELECT `uid`,`group_id`,`title`,`rules` FROM prj_auth_group_access a INNER JOIN prj_auth_group g on a.group_id=g.id  WHERE ( a.uid='1' and g.status='1' )  [ RunTime:0.0010s ]
SQL: SHOW COLUMNS FROM `prj_auth_rule` [ RunTime:0.0070s ]
SQL: SELECT `condition`,`name` FROM `prj_auth_rule` WHERE `id` IN ('1','2') AND `status` = 1  [ RunTime:0.0160s ]
SQL: SHOW COLUMNS FROM `prj_menu` [ RunTime:0.0070s ]
SQL: SELECT `id`,`title`,`url` FROM `prj_menu` WHERE ( pid = 0 AND is_display = 1 ) ORDER BY sort asc  [ RunTime:0.0010s ]
INFO: [ view_parse ] --START--
INFO: [ template_filter ] --START--
INFO: Run Behavior\ContentReplaceBehavior [ RunTime:0.000000s ]
INFO: [ template_filter ] --END-- [ RunTime:0.000000s ]
NOTIC: [8] Undefined variable: title D:\wamp\www\Application\Runtime\Cache\Admin\b595b808c2ebeeeb0478ffc30bb4e87a.php 第 4 行.
INFO: Run Behavior\ParseTemplateBehavior [ RunTime:0.013000s ]
INFO: [ view_parse ] --END-- [ RunTime:0.014000s ]
INFO: [ view_filter ] --START--
INFO: Run Behavior\WriteHtmlCacheBehavior [ RunTime:0.001000s ]
INFO: [ view_filter ] --END-- [ RunTime:0.001000s ]
INFO: [ app_end ] --START--
INFO: Run Behavior\ShowPageTraceBehavior [ RunTime:0.002000s ]
INFO: [ app_end ] --END-- [ RunTime:0.002000s ]

[ 2016-06-01T15:14:31+08:00 ] ::1 /index.php/Admin/Index/index
INFO: [ app_init ] --START--
INFO: Run Behavior\BuildLiteBehavior [ RunTime:0.000000s ]
INFO: [ app_init ] --END-- [ RunTime:0.001000s ]
INFO: [ app_begin ] --START--
INFO: Run Behavior\ReadHtmlCacheBehavior [ RunTime:0.001000s ]
INFO: [ app_begin ] --END-- [ RunTime:0.001000s ]
NOTIC: [8] Use of undefined constant UID - assumed 'UID' D:\wamp\www\Application\Admin\Controller\AdminController.class.php 第 6 行.
SQL: SHOW COLUMNS FROM `prj_auth_group_access` [ RunTime:0.0070s ]
SQL: SELECT `uid`,`group_id`,`title`,`rules` FROM prj_auth_group_access a INNER JOIN prj_auth_group g on a.group_id=g.id  WHERE ( a.uid='1' and g.status='1' )  [ RunTime:0.0010s ]
SQL: SHOW COLUMNS FROM `prj_auth_rule` [ RunTime:0.0080s ]
SQL: SELECT `condition`,`name` FROM `prj_auth_rule` WHERE `id` IN ('1','2') AND `status` = 1  [ RunTime:0.0000s ]
SQL: SHOW COLUMNS FROM `prj_menu` [ RunTime:0.0070s ]
SQL: SELECT `id`,`title`,`url` FROM `prj_menu` WHERE ( pid = 0 AND is_display = 1 ) ORDER BY sort asc  [ RunTime:0.0000s ]
INFO: [ view_parse ] --START--
INFO: [ template_filter ] --START--
INFO: Run Behavior\ContentReplaceBehavior [ RunTime:0.000000s ]
INFO: [ template_filter ] --END-- [ RunTime:0.000000s ]
NOTIC: [8] Undefined variable: title D:\wamp\www\Application\Runtime\Cache\Admin\b595b808c2ebeeeb0478ffc30bb4e87a.php 第 4 行.
INFO: Run Behavior\ParseTemplateBehavior [ RunTime:0.014000s ]
INFO: [ view_parse ] --END-- [ RunTime:0.014000s ]
INFO: [ view_filter ] --START--
INFO: Run Behavior\WriteHtmlCacheBehavior [ RunTime:0.000000s ]
INFO: [ view_filter ] --END-- [ RunTime:0.001000s ]
INFO: [ app_end ] --START--
INFO: Run Behavior\ShowPageTraceBehavior [ RunTime:0.001000s ]
INFO: [ app_end ] --END-- [ RunTime:0.001000s ]

[ 2016-06-01T15:14:32+08:00 ] ::1 /index.php/Admin/Index/index
INFO: [ app_init ] --START--
INFO: Run Behavior\BuildLiteBehavior [ RunTime:0.000000s ]
INFO: [ app_init ] --END-- [ RunTime:0.001000s ]
INFO: [ app_begin ] --START--
INFO: Run Behavior\ReadHtmlCacheBehavior [ RunTime:0.001000s ]
INFO: [ app_begin ] --END-- [ RunTime:0.001000s ]
NOTIC: [8] Use of undefined constant UID - assumed 'UID' D:\wamp\www\Application\Admin\Controller\AdminController.class.php 第 6 行.
SQL: SHOW COLUMNS FROM `prj_auth_group_access` [ RunTime:0.0070s ]
SQL: SELECT `uid`,`group_id`,`title`,`rules` FROM prj_auth_group_access a INNER JOIN prj_auth_group g on a.group_id=g.id  WHERE ( a.uid='1' and g.status='1' )  [ RunTime:0.0010s ]
SQL: SHOW COLUMNS FROM `prj_auth_rule` [ RunTime:0.0070s ]
SQL: SELECT `condition`,`name` FROM `prj_auth_rule` WHERE `id` IN ('1','2') AND `status` = 1  [ RunTime:0.0010s ]
SQL: SHOW COLUMNS FROM `prj_menu` [ RunTime:0.0070s ]
SQL: SELECT `id`,`title`,`url` FROM `prj_menu` WHERE ( pid = 0 AND is_display = 1 ) ORDER BY sort asc  [ RunTime:0.0000s ]
INFO: [ view_parse ] --START--
INFO: [ template_filter ] --START--
INFO: Run Behavior\ContentReplaceBehavior [ RunTime:0.000000s ]
INFO: [ template_filter ] --END-- [ RunTime:0.001000s ]
NOTIC: [8] Undefined variable: title D:\wamp\www\Application\Runtime\Cache\Admin\b595b808c2ebeeeb0478ffc30bb4e87a.php 第 4 行.
INFO: Run Behavior\ParseTemplateBehavior [ RunTime:0.012000s ]
INFO: [ view_parse ] --END-- [ RunTime:0.012000s ]
INFO: [ view_filter ] --START--
INFO: Run Behavior\WriteHtmlCacheBehavior [ RunTime:0.001000s ]
INFO: [ view_filter ] --END-- [ RunTime:0.001000s ]
INFO: [ app_end ] --START--
INFO: Run Behavior\ShowPageTraceBehavior [ RunTime:0.001000s ]
INFO: [ app_end ] --END-- [ RunTime:0.001000s ]

[ 2016-06-01T15:14:33+08:00 ] ::1 /index.php/Admin/Index/index
INFO: [ app_init ] --START--
INFO: Run Behavior\BuildLiteBehavior [ RunTime:0.000000s ]
INFO: [ app_init ] --END-- [ RunTime:0.001000s ]
INFO: [ app_begin ] --START--
INFO: Run Behavior\ReadHtmlCacheBehavior [ RunTime:0.001000s ]
INFO: [ app_begin ] --END-- [ RunTime:0.001000s ]
NOTIC: [8] Use of undefined constant UID - assumed 'UID' D:\wamp\www\Application\Admin\Controller\AdminController.class.php 第 6 行.
SQL: SHOW COLUMNS FROM `prj_auth_group_access` [ RunTime:0.0060s ]
SQL: SELECT `uid`,`group_id`,`title`,`rules` FROM prj_auth_group_access a INNER JOIN prj_auth_group g on a.group_id=g.id  WHERE ( a.uid='1' and g.status='1' )  [ RunTime:0.0010s ]
SQL: SHOW COLUMNS FROM `prj_auth_rule` [ RunTime:0.0070s ]
SQL: SELECT `condition`,`name` FROM `prj_auth_rule` WHERE `id` IN ('1','2') AND `status` = 1  [ RunTime:0.0010s ]
SQL: SHOW COLUMNS FROM `prj_menu` [ RunTime:0.0070s ]
SQL: SELECT `id`,`title`,`url` FROM `prj_menu` WHERE ( pid = 0 AND is_display = 1 ) ORDER BY sort asc  [ RunTime:0.0010s ]
INFO: [ view_parse ] --START--
INFO: [ template_filter ] --START--
INFO: Run Behavior\ContentReplaceBehavior [ RunTime:0.000000s ]
INFO: [ template_filter ] --END-- [ RunTime:0.000000s ]
NOTIC: [8] Undefined variable: title D:\wamp\www\Application\Runtime\Cache\Admin\b595b808c2ebeeeb0478ffc30bb4e87a.php 第 4 行.
INFO: Run Behavior\ParseTemplateBehavior [ RunTime:0.013000s ]
INFO: [ view_parse ] --END-- [ RunTime:0.013000s ]
INFO: [ view_filter ] --START--
INFO: Run Behavior\WriteHtmlCacheBehavior [ RunTime:0.001000s ]
INFO: [ view_filter ] --END-- [ RunTime:0.001000s ]
INFO: [ app_end ] --START--
INFO: Run Behavior\ShowPageTraceBehavior [ RunTime:0.001000s ]
INFO: [ app_end ] --END-- [ RunTime:0.001000s ]

[ 2016-06-01T15:15:06+08:00 ] ::1 /index.php/Admin/Index/index
INFO: [ app_init ] --START--
INFO: Run Behavior\BuildLiteBehavior [ RunTime:0.000000s ]
INFO: [ app_init ] --END-- [ RunTime:0.001000s ]
INFO: [ app_begin ] --START--
INFO: Run Behavior\ReadHtmlCacheBehavior [ RunTime:0.002000s ]
INFO: [ app_begin ] --END-- [ RunTime:0.002000s ]
NOTIC: [8] Use of undefined constant UID - assumed 'UID' D:\wamp\www\Application\Admin\Controller\AdminController.class.php 第 6 行.
SQL: SHOW COLUMNS FROM `prj_auth_group_access` [ RunTime:0.0080s ]
SQL: SELECT `uid`,`group_id`,`title`,`rules` FROM prj_auth_group_access a INNER JOIN prj_auth_group g on a.group_id=g.id  WHERE ( a.uid='1' and g.status='1' )  [ RunTime:0.0010s ]
SQL: SHOW COLUMNS FROM `prj_auth_rule` [ RunTime:0.0080s ]
SQL: SELECT `condition`,`name` FROM `prj_auth_rule` WHERE `id` IN ('1','2') AND `status` = 1  [ RunTime:0.0010s ]
SQL: SHOW COLUMNS FROM `prj_menu` [ RunTime:0.0080s ]
SQL: SELECT `id`,`title`,`url` FROM `prj_menu` WHERE ( pid = 0 AND is_display = 1 ) ORDER BY sort asc  [ RunTime:0.0010s ]
INFO: [ view_parse ] --START--
INFO: [ template_filter ] --START--
INFO: Run Behavior\ContentReplaceBehavior [ RunTime:0.000000s ]
INFO: [ template_filter ] --END-- [ RunTime:0.001000s ]
NOTIC: [8] Undefined variable: title D:\wamp\www\Application\Runtime\Cache\Admin\b595b808c2ebeeeb0478ffc30bb4e87a.php 第 4 行.
INFO: Run Behavior\ParseTemplateBehavior [ RunTime:0.013000s ]
INFO: [ view_parse ] --END-- [ RunTime:0.013000s ]
INFO: [ view_filter ] --START--
INFO: Run Behavior\WriteHtmlCacheBehavior [ RunTime:0.001000s ]
INFO: [ view_filter ] --END-- [ RunTime:0.001000s ]
INFO: [ app_end ] --START--
INFO: Run Behavior\ShowPageTraceBehavior [ RunTime:0.001000s ]
INFO: [ app_end ] --END-- [ RunTime:0.002000s ]

[ 2016-06-01T15:15:07+08:00 ] ::1 /index.php/Admin/Index/index
INFO: [ app_init ] --START--
INFO: Run Behavior\BuildLiteBehavior [ RunTime:0.000000s ]
INFO: [ app_init ] --END-- [ RunTime:0.001000s ]
INFO: [ app_begin ] --START--
INFO: Run Behavior\ReadHtmlCacheBehavior [ RunTime:0.001000s ]
INFO: [ app_begin ] --END-- [ RunTime:0.001000s ]
NOTIC: [8] Use of undefined constant UID - assumed 'UID' D:\wamp\www\Application\Admin\Controller\AdminController.class.php 第 6 行.
SQL: SHOW COLUMNS FROM `prj_auth_group_access` [ RunTime:0.0070s ]
SQL: SELECT `uid`,`group_id`,`title`,`rules` FROM prj_auth_group_access a INNER JOIN prj_auth_group g on a.group_id=g.id  WHERE ( a.uid='1' and g.status='1' )  [ RunTime:0.0010s ]
SQL: SHOW COLUMNS FROM `prj_auth_rule` [ RunTime:0.0070s ]
SQL: SELECT `condition`,`name` FROM `prj_auth_rule` WHERE `id` IN ('1','2') AND `status` = 1  [ RunTime:0.0010s ]
SQL: SHOW COLUMNS FROM `prj_menu` [ RunTime:0.0070s ]
SQL: SELECT `id`,`title`,`url` FROM `prj_menu` WHERE ( pid = 0 AND is_display = 1 ) ORDER BY sort asc  [ RunTime:0.0010s ]
INFO: [ view_parse ] --START--
INFO: [ template_filter ] --START--
INFO: Run Behavior\ContentReplaceBehavior [ RunTime:0.000000s ]
INFO: [ template_filter ] --END-- [ RunTime:0.001000s ]
NOTIC: [8] Undefined variable: title D:\wamp\www\Application\Runtime\Cache\Admin\b595b808c2ebeeeb0478ffc30bb4e87a.php 第 4 行.
INFO: Run Behavior\ParseTemplateBehavior [ RunTime:0.012000s ]
INFO: [ view_parse ] --END-- [ RunTime:0.012000s ]
INFO: [ view_filter ] --START--
INFO: Run Behavior\WriteHtmlCacheBehavior [ RunTime:0.000000s ]
INFO: [ view_filter ] --END-- [ RunTime:0.001000s ]
INFO: [ app_end ] --START--
INFO: Run Behavior\ShowPageTraceBehavior [ RunTime:0.001000s ]
INFO: [ app_end ] --END-- [ RunTime:0.001000s ]

[ 2016-06-01T15:15:21+08:00 ] ::1 /index.php/Admin/Index/index
INFO: [ app_init ] --START--
INFO: Run Behavior\BuildLiteBehavior [ RunTime:0.000000s ]
INFO: [ app_init ] --END-- [ RunTime:0.001000s ]
INFO: [ app_begin ] --START--
INFO: Run Behavior\ReadHtmlCacheBehavior [ RunTime:0.001000s ]
INFO: [ app_begin ] --END-- [ RunTime:0.001000s ]
NOTIC: [8] Use of undefined constant UID - assumed 'UID' D:\wamp\www\Application\Admin\Controller\AdminController.class.php 第 6 行.
SQL: SHOW COLUMNS FROM `prj_auth_group_access` [ RunTime:0.0070s ]
SQL: SELECT `uid`,`group_id`,`title`,`rules` FROM prj_auth_group_access a INNER JOIN prj_auth_group g on a.group_id=g.id  WHERE ( a.uid='1' and g.status='1' )  [ RunTime:0.0010s ]
SQL: SHOW COLUMNS FROM `prj_auth_rule` [ RunTime:0.0080s ]
SQL: SELECT `condition`,`name` FROM `prj_auth_rule` WHERE `id` IN ('1','2') AND `status` = 1  [ RunTime:0.0010s ]
SQL: SHOW COLUMNS FROM `prj_menu` [ RunTime:0.0070s ]
SQL: SELECT `id`,`title`,`url` FROM `prj_menu` WHERE ( pid = 0 AND is_display = 1 ) ORDER BY sort asc  [ RunTime:0.0010s ]
INFO: [ view_parse ] --START--
INFO: [ template_filter ] --START--
INFO: Run Behavior\ContentReplaceBehavior [ RunTime:0.000000s ]
INFO: [ template_filter ] --END-- [ RunTime:0.000000s ]
NOTIC: [8] Undefined variable: title D:\wamp\www\Application\Runtime\Cache\Admin\b595b808c2ebeeeb0478ffc30bb4e87a.php 第 4 行.
INFO: Run Behavior\ParseTemplateBehavior [ RunTime:0.012000s ]
INFO: [ view_parse ] --END-- [ RunTime:0.012000s ]
INFO: [ view_filter ] --START--
INFO: Run Behavior\WriteHtmlCacheBehavior [ RunTime:0.000000s ]
INFO: [ view_filter ] --END-- [ RunTime:0.001000s ]
INFO: [ app_end ] --START--
INFO: Run Behavior\ShowPageTraceBehavior [ RunTime:0.001000s ]
INFO: [ app_end ] --END-- [ RunTime:0.001000s ]

