[ 2016-06-03T10:29:29+08:00 ] ::1 /onethink/admin.php
INFO: [ app_init ] --START--
INFO: Run Behavior\BuildLiteBehavior [ RunTime:0.000000s ]
INFO: Run Common\Behavior\InitHookBehavior [ RunTime:0.006000s ]
INFO: [ app_init ] --END-- [ RunTime:0.007000s ]
INFO: [ app_begin ] --START--
INFO: Run Behavior\ReadHtmlCacheBehavior [ RunTime:0.002000s ]
INFO: [ app_begin ] --END-- [ RunTime:0.002000s ]

[ 2016-06-03T10:29:29+08:00 ] ::1 /onethink/admin.php?s=/Public/login.html
INFO: [ app_init ] --START--
INFO: Run Behavior\BuildLiteBehavior [ RunTime:0.001000s ]
INFO: Run Common\Behavior\InitHookBehavior [ RunTime:0.005000s ]
INFO: [ app_init ] --END-- [ RunTime:0.007000s ]
INFO: [ app_begin ] --START--
INFO: Run Behavior\ReadHtmlCacheBehavior [ RunTime:0.002000s ]
INFO: [ app_begin ] --END-- [ RunTime:0.002000s ]
SQL: SHOW COLUMNS FROM `onethink_config` [ RunTime:0.0090s ]
SQL: SELECT `type`,`name`,`value` FROM `onethink_config` WHERE `status` = 1  [ RunTime:0.0010s ]
INFO: [ view_parse ] --START--
INFO: [ template_filter ] --START--
INFO: Run Behavior\ContentReplaceBehavior [ RunTime:0.000000s ]
INFO: [ template_filter ] --END-- [ RunTime:0.001000s ]
INFO: Run Behavior\ParseTemplateBehavior [ RunTime:0.016000s ]
INFO: [ view_parse ] --END-- [ RunTime:0.016000s ]
INFO: [ view_filter ] --START--
INFO: Run Behavior\WriteHtmlCacheBehavior [ RunTime:0.001000s ]
INFO: [ view_filter ] --END-- [ RunTime:0.002000s ]
INFO: [ app_end ] --START--
INFO: Run Behavior\ShowPageTraceBehavior [ RunTime:0.001000s ]
INFO: [ app_end ] --END-- [ RunTime:0.001000s ]

[ 2016-06-03T10:29:29+08:00 ] ::1 /onethink/admin.php?s=/Public/verify.html
INFO: [ app_init ] --START--
INFO: Run Behavior\BuildLiteBehavior [ RunTime:0.000000s ]
INFO: Run Common\Behavior\InitHookBehavior [ RunTime:0.005000s ]
INFO: [ app_init ] --END-- [ RunTime:0.006000s ]
INFO: [ app_begin ] --START--
INFO: Run Behavior\ReadHtmlCacheBehavior [ RunTime:0.001000s ]
INFO: [ app_begin ] --END-- [ RunTime:0.002000s ]
INFO: [ app_end ] --START--
INFO: Run Behavior\ShowPageTraceBehavior [ RunTime:0.001000s ]
INFO: [ app_end ] --END-- [ RunTime:0.001000s ]

[ 2016-06-03T10:29:41+08:00 ] ::1 /onethink/admin.php?s=/Public/verify.html&random=0.7268633727012226
INFO: [ app_init ] --START--
INFO: Run Behavior\BuildLiteBehavior [ RunTime:0.000000s ]
INFO: Run Common\Behavior\InitHookBehavior [ RunTime:0.006000s ]
INFO: [ app_init ] --END-- [ RunTime:0.007000s ]
INFO: [ app_begin ] --START--
INFO: Run Behavior\ReadHtmlCacheBehavior [ RunTime:0.001000s ]
INFO: [ app_begin ] --END-- [ RunTime:0.001000s ]
INFO: [ app_end ] --START--
INFO: Run Behavior\ShowPageTraceBehavior [ RunTime:0.002000s ]
INFO: [ app_end ] --END-- [ RunTime:0.002000s ]

[ 2016-06-03T10:29:44+08:00 ] ::1 /onethink/admin.php?s=/Public/login.html
INFO: [ app_init ] --START--
INFO: Run Behavior\BuildLiteBehavior [ RunTime:0.000000s ]
INFO: Run Common\Behavior\InitHookBehavior [ RunTime:0.004000s ]
INFO: [ app_init ] --END-- [ RunTime:0.005000s ]
INFO: [ app_begin ] --START--
INFO: Run Behavior\ReadHtmlCacheBehavior [ RunTime:0.001000s ]
INFO: [ app_begin ] --END-- [ RunTime:0.001000s ]
NOTIC: [8] Undefined index: lite D:\wamp\www\onethink\ThinkPHP\Library\Think\Db.class.php 第 37 行.

[ 2016-06-03T10:29:44+08:00 ] ::1 /onethink/admin.php?s=/Public/verify.html&random=0.19013375381259467
INFO: [ app_init ] --START--
INFO: Run Behavior\BuildLiteBehavior [ RunTime:0.000000s ]
INFO: Run Common\Behavior\InitHookBehavior [ RunTime:0.004000s ]
INFO: [ app_init ] --END-- [ RunTime:0.005000s ]
INFO: [ app_begin ] --START--
INFO: Run Behavior\ReadHtmlCacheBehavior [ RunTime:0.002000s ]
INFO: [ app_begin ] --END-- [ RunTime:0.002000s ]
INFO: [ app_end ] --START--
INFO: Run Behavior\ShowPageTraceBehavior [ RunTime:0.001000s ]
INFO: [ app_end ] --END-- [ RunTime:0.001000s ]

[ 2016-06-03T10:29:50+08:00 ] ::1 /onethink/admin.php?s=/Public/login.html
INFO: [ app_init ] --START--
INFO: Run Behavior\BuildLiteBehavior [ RunTime:0.000000s ]
INFO: Run Common\Behavior\InitHookBehavior [ RunTime:0.004000s ]
INFO: [ app_init ] --END-- [ RunTime:0.005000s ]
INFO: [ app_begin ] --START--
INFO: Run Behavior\ReadHtmlCacheBehavior [ RunTime:0.002000s ]
INFO: [ app_begin ] --END-- [ RunTime:0.003000s ]
NOTIC: [8] Undefined index: lite D:\wamp\www\onethink\ThinkPHP\Library\Think\Db.class.php 第 37 行.

[ 2016-06-03T10:29:50+08:00 ] ::1 /onethink/admin.php?s=/Public/verify.html&random=0.347689518899587
INFO: [ app_init ] --START--
INFO: Run Behavior\BuildLiteBehavior [ RunTime:0.001000s ]
INFO: Run Common\Behavior\InitHookBehavior [ RunTime:0.004000s ]
INFO: [ app_init ] --END-- [ RunTime:0.005000s ]
INFO: [ app_begin ] --START--
INFO: Run Behavior\ReadHtmlCacheBehavior [ RunTime:0.002000s ]
INFO: [ app_begin ] --END-- [ RunTime:0.002000s ]
INFO: [ app_end ] --START--
INFO: Run Behavior\ShowPageTraceBehavior [ RunTime:0.002000s ]
INFO: [ app_end ] --END-- [ RunTime:0.002000s ]

[ 2016-06-03T10:30:09+08:00 ] ::1 /onethink/admin.php?s=/Public/login.html
INFO: [ app_init ] --START--
INFO: Run Behavior\BuildLiteBehavior [ RunTime:0.000000s ]
INFO: Run Common\Behavior\InitHookBehavior [ RunTime:0.004000s ]
INFO: [ app_init ] --END-- [ RunTime:0.006000s ]
INFO: [ app_begin ] --START--
INFO: Run Behavior\ReadHtmlCacheBehavior [ RunTime:0.001000s ]
INFO: [ app_begin ] --END-- [ RunTime:0.001000s ]
NOTIC: [8] Undefined index: lite D:\wamp\www\onethink\ThinkPHP\Library\Think\Db.class.php 第 37 行.
SQL: SHOW COLUMNS FROM `onethink_member` [ RunTime:0.0070s ]
SQL: SELECT `uid`,`nickname`,`sex`,`birthday`,`qq`,`score`,`login`,`reg_ip`,`reg_time`,`last_login_ip`,`last_login_time`,`status` FROM `onethink_member` WHERE `uid` = 1 LIMIT 1   [ RunTime:0.0010s ]
SQL: SHOW COLUMNS FROM `onethink_action` [ RunTime:0.0070s ]
SQL: SELECT * FROM `onethink_action` WHERE `name` = 'user_login' LIMIT 1   [ RunTime:0.0000s ]
SQL: SHOW COLUMNS FROM `onethink_member` [ RunTime:0.0080s ]
SQL: SELECT `nickname` FROM `onethink_member` WHERE `uid` = 1 LIMIT 1   [ RunTime:0.0000s ]
SQL: SHOW COLUMNS FROM `onethink_action_log` [ RunTime:0.0080s ]
SQL: INSERT INTO `onethink_action_log` (`action_id`,`user_id`,`action_ip`,`model`,`record_id`,`create_time`,`remark`) VALUES ('1','1','0','member','1','1464921009','Administrator在2016-06-03 10:30登录了后台') [ RunTime:0.0010s ]
SQL: SELECT * FROM `onethink_action` WHERE `name` = 'user_login' LIMIT 1   [ RunTime:0.0010s ]
NOTIC: [8] Undefined offset: 1 D:\wamp\www\onethink\Application\Common\Common\function.php 第 679 行.
NOTIC: [2] array_key_exists() expects parameter 2 to be array, null given D:\wamp\www\onethink\Application\Common\Common\function.php 第 679 行.
SQL: SELECT COUNT(*) AS tp_count FROM `onethink_action_log` WHERE `action_id` = 1 AND `user_id` = 1 AND `create_time` > 1464834609 LIMIT 1   [ RunTime:0.0010s ]
SQL: UPDATE `onethink_member` SET `score`=score+10 WHERE ( uid=1 AND status>-1 ) [ RunTime:0.0170s ]
SQL: UPDATE `onethink_member` SET `login`=`login`+1,`last_login_time`='1464921009',`last_login_ip`='0' WHERE `uid` = 1 [ RunTime:0.0000s ]

[ 2016-06-03T10:30:09+08:00 ] ::1 /onethink/admin.php?s=/Index/index.html
INFO: [ app_init ] --START--
INFO: Run Behavior\BuildLiteBehavior [ RunTime:0.000000s ]
INFO: Run Common\Behavior\InitHookBehavior [ RunTime:0.005000s ]
INFO: [ app_init ] --END-- [ RunTime:0.005000s ]
INFO: [ app_begin ] --START--
INFO: Run Behavior\ReadHtmlCacheBehavior [ RunTime:0.001000s ]
INFO: [ app_begin ] --END-- [ RunTime:0.001000s ]
SQL: SHOW COLUMNS FROM `onethink_menu` [ RunTime:0.0070s ]
SQL: SELECT `id`,`title`,`url` FROM `onethink_menu` WHERE `pid` = 0 AND `hide` = 0 ORDER BY sort asc  [ RunTime:0.0000s ]
SQL: SELECT `pid` FROM `onethink_menu` WHERE ( pid !=0 AND url like '%Index/index%' ) LIMIT 1   [ RunTime:0.0020s ]
INFO: [ view_parse ] --START--
INFO: [ template_filter ] --START--
INFO: Run Behavior\ContentReplaceBehavior [ RunTime:0.001000s ]
INFO: [ template_filter ] --END-- [ RunTime:0.001000s ]
INFO: [ AdminIndex ] --START--
SQL: SHOW COLUMNS FROM `onethink_addons` [ RunTime:0.0080s ]
SQL: SELECT `config` FROM `onethink_addons` WHERE `name` = 'SiteStat' AND `status` = 1 LIMIT 1   [ RunTime:0.0010s ]
SQL: SHOW COLUMNS FROM `onethink_member` [ RunTime:0.0070s ]
SQL: SELECT COUNT(*) AS tp_count FROM `onethink_member` LIMIT 1   [ RunTime:0.0000s ]
SQL: SHOW COLUMNS FROM `onethink_action_log` [ RunTime:0.0070s ]
SQL: SELECT COUNT(*) AS tp_count FROM `onethink_action_log` LIMIT 1   [ RunTime:0.0000s ]
SQL: SHOW COLUMNS FROM `onethink_document` [ RunTime:0.0080s ]
SQL: SELECT COUNT(*) AS tp_count FROM `onethink_document` LIMIT 1   [ RunTime:0.0000s ]
SQL: SHOW COLUMNS FROM `onethink_category` [ RunTime:0.0070s ]
SQL: SELECT COUNT(*) AS tp_count FROM `onethink_category` LIMIT 1   [ RunTime:0.0000s ]
SQL: SHOW COLUMNS FROM `onethink_model` [ RunTime:0.0070s ]
SQL: SELECT COUNT(*) AS tp_count FROM `onethink_model` LIMIT 1   [ RunTime:0.0000s ]
INFO: [ view_parse ] --START--
INFO: [ template_filter ] --START--
INFO: Run Behavior\ContentReplaceBehavior [ RunTime:0.001000s ]
INFO: [ template_filter ] --END-- [ RunTime:-0.085000s ]
INFO: Run Behavior\ParseTemplateBehavior [ RunTime:0.008000s ]
INFO: [ view_parse ] --END-- [ RunTime:0.008000s ]
INFO: [ view_filter ] --START--
INFO: Run Behavior\WriteHtmlCacheBehavior [ RunTime:0.001000s ]
INFO: [ view_filter ] --END-- [ RunTime:0.002000s ]
INFO: Run Addons\SiteStat\SiteStatAddon [ RunTime:0.071000s ]
SQL: SELECT `config` FROM `onethink_addons` WHERE `name` = 'SystemInfo' AND `status` = 1 LIMIT 1   [ RunTime:0.0000s ]
INFO: [ view_parse ] --START--
INFO: [ template_filter ] --START--
INFO: Run Behavior\ContentReplaceBehavior [ RunTime:0.000000s ]
INFO: [ template_filter ] --END-- [ RunTime:-0.221000s ]
SQL: select version() as v; [ RunTime:0.0010s ]
INFO: Run Behavior\ParseTemplateBehavior [ RunTime:0.010000s ]
INFO: [ view_parse ] --END-- [ RunTime:-0.128000s ]
INFO: [ view_filter ] --START--
INFO: Run Behavior\WriteHtmlCacheBehavior [ RunTime:0.000000s ]
INFO: [ view_filter ] --END-- [ RunTime:-0.136000s ]
INFO: Run Addons\SystemInfo\SystemInfoAddon [ RunTime:0.137000s ]
SQL: SELECT `config` FROM `onethink_addons` WHERE `name` = 'DevTeam' AND `status` = 1 LIMIT 1   [ RunTime:0.0010s ]
INFO: [ view_parse ] --START--
INFO: [ template_filter ] --START--
INFO: Run Behavior\ContentReplaceBehavior [ RunTime:0.000000s ]
INFO: [ template_filter ] --END-- [ RunTime:-0.235000s ]
INFO: Run Behavior\ParseTemplateBehavior [ RunTime:0.006000s ]
INFO: [ view_parse ] --END-- [ RunTime:-0.143000s ]
INFO: [ view_filter ] --START--
INFO: Run Behavior\WriteHtmlCacheBehavior [ RunTime:0.001000s ]
INFO: [ view_filter ] --END-- [ RunTime:-0.147000s ]
INFO: Run Addons\DevTeam\DevTeamAddon [ RunTime:0.011000s ]
INFO: [ AdminIndex ] --END-- [ RunTime:0.219000s ]
INFO: Run Behavior\ParseTemplateBehavior [ RunTime:0.007000s ]
INFO: [ view_parse ] --END-- [ RunTime:-0.143000s ]
INFO: [ view_filter ] --START--
INFO: Run Behavior\WriteHtmlCacheBehavior [ RunTime:0.000000s ]
INFO: [ view_filter ] --END-- [ RunTime:-0.149000s ]
INFO: [ app_end ] --START--
INFO: Run Behavior\ShowPageTraceBehavior [ RunTime:0.002000s ]
INFO: [ app_end ] --END-- [ RunTime:0.003000s ]

[ 2016-06-03T10:30:13+08:00 ] ::1 /onethink/admin.php?s=/Addons/index.html
INFO: [ app_init ] --START--
INFO: Run Behavior\BuildLiteBehavior [ RunTime:0.000000s ]
INFO: Run Common\Behavior\InitHookBehavior [ RunTime:0.005000s ]
INFO: [ app_init ] --END-- [ RunTime:0.007000s ]
INFO: [ app_begin ] --START--
INFO: Run Behavior\ReadHtmlCacheBehavior [ RunTime:0.001000s ]
INFO: [ app_begin ] --END-- [ RunTime:0.001000s ]
SQL: SHOW COLUMNS FROM `onethink_addons` [ RunTime:0.0070s ]
SQL: SELECT `title`,`name` FROM `onethink_addons` WHERE ( status=1 AND has_adminlist=1 )  [ RunTime:0.0000s ]
SQL: SHOW COLUMNS FROM `onethink_menu` [ RunTime:0.0080s ]
SQL: SELECT `id`,`title`,`url` FROM `onethink_menu` WHERE `pid` = 0 AND `hide` = 0 ORDER BY sort asc  [ RunTime:0.0010s ]
SQL: SELECT `pid` FROM `onethink_menu` WHERE ( pid !=0 AND url like '%Addons/index%' ) LIMIT 1   [ RunTime:0.0010s ]
SQL: SELECT * FROM `onethink_menu` WHERE `id` = 43 LIMIT 1   [ RunTime:0.0000s ]
SQL: SELECT DISTINCT  `group` FROM `onethink_menu` WHERE `group` <> '' AND `pid` = 43  [ RunTime:0.0010s ]
SQL: SELECT `id`,`url` FROM `onethink_menu` WHERE `pid` = 43 AND `hide` = 0  [ RunTime:0.0010s ]
SQL: SELECT `id`,`pid`,`title`,`url`,`tip` FROM `onethink_menu` WHERE `group` = '扩展' AND `pid` = 43 AND `hide` = 0 ORDER BY sort asc  [ RunTime:0.0010s ]
SQL: SELECT `id`,`name`,`title`,`description`,`status`,`config`,`author`,`version`,`create_time`,`has_adminlist` FROM `onethink_addons` WHERE `name` IN ('Attachment','DevTeam','Editor','EditorForAdmin','SiteStat','SocialComment','SystemInfo')  [ RunTime:0.0010s ]
INFO: [ view_parse ] --START--
INFO: [ template_filter ] --START--
INFO: Run Behavior\ContentReplaceBehavior [ RunTime:0.001000s ]
INFO: [ template_filter ] --END-- [ RunTime:0.001000s ]
SQL: SHOW COLUMNS FROM `onethink_addons` [ RunTime:0.0070s ]
SQL: SELECT `config` FROM `onethink_addons` WHERE `name` = 'Attachment' AND `status` = 1 LIMIT 1   [ RunTime:0.0000s ]
SQL: SELECT `config` FROM `onethink_addons` WHERE `name` = 'SocialComment' AND `status` = 1 LIMIT 1   [ RunTime:0.0010s ]
SQL: SELECT `config` FROM `onethink_addons` WHERE `name` = 'Editor' AND `status` = 1 LIMIT 1   [ RunTime:0.0010s ]
SQL: SELECT `config` FROM `onethink_addons` WHERE `name` = 'SystemInfo' AND `status` = 1 LIMIT 1   [ RunTime:0.0010s ]
SQL: SELECT `config` FROM `onethink_addons` WHERE `name` = 'SiteStat' AND `status` = 1 LIMIT 1   [ RunTime:0.0000s ]
SQL: SELECT `config` FROM `onethink_addons` WHERE `name` = 'DevTeam' AND `status` = 1 LIMIT 1   [ RunTime:0.0000s ]
SQL: SELECT `config` FROM `onethink_addons` WHERE `name` = 'EditorForAdmin' AND `status` = 1 LIMIT 1   [ RunTime:0.0010s ]
INFO: Run Behavior\ParseTemplateBehavior [ RunTime:0.107000s ]
INFO: [ view_parse ] --END-- [ RunTime:0.107000s ]
INFO: [ view_filter ] --START--
INFO: Run Behavior\WriteHtmlCacheBehavior [ RunTime:0.002000s ]
INFO: [ view_filter ] --END-- [ RunTime:0.002000s ]
INFO: [ app_end ] --START--
INFO: Run Behavior\ShowPageTraceBehavior [ RunTime:0.002000s ]
INFO: [ app_end ] --END-- [ RunTime:0.002000s ]

[ 2016-06-03T10:30:14+08:00 ] ::1 /onethink/admin.php?s=/Addons/hooks.html
INFO: [ app_init ] --START--
INFO: Run Behavior\BuildLiteBehavior [ RunTime:0.000000s ]
INFO: Run Common\Behavior\InitHookBehavior [ RunTime:0.004000s ]
INFO: [ app_init ] --END-- [ RunTime:0.005000s ]
INFO: [ app_begin ] --START--
INFO: Run Behavior\ReadHtmlCacheBehavior [ RunTime:0.002000s ]
INFO: [ app_begin ] --END-- [ RunTime:0.002000s ]
SQL: SHOW COLUMNS FROM `onethink_addons` [ RunTime:0.0080s ]
SQL: SELECT `title`,`name` FROM `onethink_addons` WHERE ( status=1 AND has_adminlist=1 )  [ RunTime:0.0000s ]
SQL: SHOW COLUMNS FROM `onethink_menu` [ RunTime:0.0080s ]
SQL: SELECT `id`,`title`,`url` FROM `onethink_menu` WHERE `pid` = 0 AND `hide` = 0 ORDER BY sort asc  [ RunTime:0.0010s ]
SQL: SELECT `pid` FROM `onethink_menu` WHERE ( pid !=0 AND url like '%Addons/hooks%' ) LIMIT 1   [ RunTime:0.0000s ]
SQL: SELECT * FROM `onethink_menu` WHERE `id` = 43 LIMIT 1   [ RunTime:0.0010s ]
SQL: SELECT DISTINCT  `group` FROM `onethink_menu` WHERE `group` <> '' AND `pid` = 43  [ RunTime:0.0010s ]
SQL: SELECT `id`,`url` FROM `onethink_menu` WHERE `pid` = 43 AND `hide` = 0  [ RunTime:0.0020s ]
SQL: SELECT `id`,`pid`,`title`,`url`,`tip` FROM `onethink_menu` WHERE `group` = '扩展' AND `pid` = 43 AND `hide` = 0 ORDER BY sort asc  [ RunTime:0.0010s ]
SQL: SHOW COLUMNS FROM `onethink_hooks` [ RunTime:0.0070s ]
SQL: SELECT COUNT(*) AS tp_count FROM `onethink_hooks` WHERE `status` >= 0 LIMIT 1   [ RunTime:0.0010s ]
SQL: SELECT `id`,`name`,`description`,`type`,`update_time`,`addons`,`status` FROM `onethink_hooks` WHERE `status` >= 0 ORDER BY id desc LIMIT 0,10   [ RunTime:0.0010s ]
INFO: [ view_parse ] --START--
INFO: [ template_filter ] --START--
INFO: Run Behavior\ContentReplaceBehavior [ RunTime:0.001000s ]
INFO: [ template_filter ] --END-- [ RunTime:0.001000s ]
INFO: Run Behavior\ParseTemplateBehavior [ RunTime:0.061000s ]
INFO: [ view_parse ] --END-- [ RunTime:0.061000s ]
INFO: [ view_filter ] --START--
INFO: Run Behavior\WriteHtmlCacheBehavior [ RunTime:0.002000s ]
INFO: [ view_filter ] --END-- [ RunTime:0.002000s ]
INFO: [ app_end ] --START--
INFO: Run Behavior\ShowPageTraceBehavior [ RunTime:0.001000s ]
INFO: [ app_end ] --END-- [ RunTime:0.002000s ]

[ 2016-06-03T10:30:16+08:00 ] ::1 /onethink/admin.php?s=/User/index.html
INFO: [ app_init ] --START--
INFO: Run Behavior\BuildLiteBehavior [ RunTime:0.000000s ]
INFO: Run Common\Behavior\InitHookBehavior [ RunTime:0.004000s ]
INFO: [ app_init ] --END-- [ RunTime:0.005000s ]
INFO: [ app_begin ] --START--
INFO: Run Behavior\ReadHtmlCacheBehavior [ RunTime:0.001000s ]
INFO: [ app_begin ] --END-- [ RunTime:0.001000s ]
SQL: SHOW COLUMNS FROM `onethink_menu` [ RunTime:0.0070s ]
SQL: SELECT `id`,`title`,`url` FROM `onethink_menu` WHERE `pid` = 0 AND `hide` = 0 ORDER BY sort asc  [ RunTime:0.0010s ]
SQL: SELECT `pid` FROM `onethink_menu` WHERE ( pid !=0 AND url like '%User/index%' ) LIMIT 1   [ RunTime:0.0010s ]
SQL: SELECT * FROM `onethink_menu` WHERE `id` = 16 LIMIT 1   [ RunTime:0.0010s ]
SQL: SELECT DISTINCT  `group` FROM `onethink_menu` WHERE `group` <> '' AND `pid` = 16  [ RunTime:0.0000s ]
SQL: SELECT `id`,`url` FROM `onethink_menu` WHERE `pid` = 16 AND `hide` = 0  [ RunTime:0.0000s ]
SQL: SELECT `id`,`pid`,`title`,`url`,`tip` FROM `onethink_menu` WHERE `group` = '用户管理' AND `pid` = 16 AND `hide` = 0 ORDER BY sort asc  [ RunTime:0.0000s ]
SQL: SELECT `id`,`pid`,`title`,`url`,`tip` FROM `onethink_menu` WHERE `group` = '行为管理' AND `pid` = 16 AND `hide` = 0 ORDER BY sort asc  [ RunTime:0.0010s ]
SQL: SHOW COLUMNS FROM `onethink_member` [ RunTime:0.0080s ]
SQL: SELECT COUNT(*) AS tp_count FROM `onethink_member` WHERE `status` >= 0 AND `nickname` LIKE '%%' LIMIT 1   [ RunTime:0.0010s ]
SQL: SELECT `uid`,`nickname`,`sex`,`birthday`,`qq`,`score`,`login`,`reg_ip`,`reg_time`,`last_login_ip`,`last_login_time`,`status` FROM `onethink_member` WHERE `status` >= 0 AND `nickname` LIKE '%%' ORDER BY uid desc LIMIT 0,10   [ RunTime:0.0010s ]
INFO: [ view_parse ] --START--
INFO: [ template_filter ] --START--
INFO: Run Behavior\ContentReplaceBehavior [ RunTime:0.000000s ]
INFO: [ template_filter ] --END-- [ RunTime:0.000000s ]
INFO: Run Behavior\ParseTemplateBehavior [ RunTime:0.050000s ]
INFO: [ view_parse ] --END-- [ RunTime:0.050000s ]
INFO: [ view_filter ] --START--
INFO: Run Behavior\WriteHtmlCacheBehavior [ RunTime:0.002000s ]
INFO: [ view_filter ] --END-- [ RunTime:0.002000s ]
INFO: [ app_end ] --START--
INFO: Run Behavior\ShowPageTraceBehavior [ RunTime:0.001000s ]
INFO: [ app_end ] --END-- [ RunTime:0.002000s ]

[ 2016-06-03T10:30:17+08:00 ] ::1 /onethink/admin.php?s=/AuthManager/index.html
INFO: [ app_init ] --START--
INFO: Run Behavior\BuildLiteBehavior [ RunTime:0.000000s ]
INFO: Run Common\Behavior\InitHookBehavior [ RunTime:0.007000s ]
INFO: [ app_init ] --END-- [ RunTime:0.008000s ]
INFO: [ app_begin ] --START--
INFO: Run Behavior\ReadHtmlCacheBehavior [ RunTime:0.001000s ]
INFO: [ app_begin ] --END-- [ RunTime:0.001000s ]
SQL: SHOW COLUMNS FROM `onethink_menu` [ RunTime:0.0090s ]
SQL: SELECT `id`,`title`,`url` FROM `onethink_menu` WHERE `pid` = 0 AND `hide` = 0 ORDER BY sort asc  [ RunTime:0.0000s ]
SQL: SELECT `pid` FROM `onethink_menu` WHERE ( pid !=0 AND url like '%AuthManager/index%' ) LIMIT 1   [ RunTime:0.0010s ]
SQL: SELECT * FROM `onethink_menu` WHERE `id` = 16 LIMIT 1   [ RunTime:0.0010s ]
SQL: SELECT DISTINCT  `group` FROM `onethink_menu` WHERE `group` <> '' AND `pid` = 16  [ RunTime:0.0010s ]
SQL: SELECT `id`,`url` FROM `onethink_menu` WHERE `pid` = 16 AND `hide` = 0  [ RunTime:0.0000s ]
SQL: SELECT `id`,`pid`,`title`,`url`,`tip` FROM `onethink_menu` WHERE `group` = '用户管理' AND `pid` = 16 AND `hide` = 0 ORDER BY sort asc  [ RunTime:0.0000s ]
SQL: SELECT `id`,`pid`,`title`,`url`,`tip` FROM `onethink_menu` WHERE `group` = '行为管理' AND `pid` = 16 AND `hide` = 0 ORDER BY sort asc  [ RunTime:0.0000s ]
SQL: SHOW COLUMNS FROM `onethink_auth_group` [ RunTime:0.0090s ]
SQL: SELECT COUNT(*) AS tp_count FROM `onethink_auth_group` WHERE `module` = 'admin' LIMIT 1   [ RunTime:0.0010s ]
SQL: SELECT `id`,`module`,`type`,`title`,`description`,`status`,`rules` FROM `onethink_auth_group` WHERE `module` = 'admin' ORDER BY id asc LIMIT 0,10   [ RunTime:0.0010s ]
INFO: [ view_parse ] --START--
INFO: [ template_filter ] --START--
INFO: Run Behavior\ContentReplaceBehavior [ RunTime:0.000000s ]
INFO: [ template_filter ] --END-- [ RunTime:0.001000s ]
INFO: Run Behavior\ParseTemplateBehavior [ RunTime:0.096000s ]
INFO: [ view_parse ] --END-- [ RunTime:0.096000s ]
INFO: [ view_filter ] --START--
INFO: Run Behavior\WriteHtmlCacheBehavior [ RunTime:0.001000s ]
INFO: [ view_filter ] --END-- [ RunTime:0.001000s ]
INFO: [ app_end ] --START--
INFO: Run Behavior\ShowPageTraceBehavior [ RunTime:0.002000s ]
INFO: [ app_end ] --END-- [ RunTime:0.002000s ]

[ 2016-06-03T10:30:19+08:00 ] ::1 /onethink/admin.php?s=/User/action.html
INFO: [ app_init ] --START--
INFO: Run Behavior\BuildLiteBehavior [ RunTime:0.000000s ]
INFO: Run Common\Behavior\InitHookBehavior [ RunTime:0.004000s ]
INFO: [ app_init ] --END-- [ RunTime:0.005000s ]
INFO: [ app_begin ] --START--
INFO: Run Behavior\ReadHtmlCacheBehavior [ RunTime:0.002000s ]
INFO: [ app_begin ] --END-- [ RunTime:0.002000s ]
SQL: SHOW COLUMNS FROM `onethink_menu` [ RunTime:0.0090s ]
SQL: SELECT `id`,`title`,`url` FROM `onethink_menu` WHERE `pid` = 0 AND `hide` = 0 ORDER BY sort asc  [ RunTime:0.0010s ]
SQL: SELECT `pid` FROM `onethink_menu` WHERE ( pid !=0 AND url like '%User/action%' ) LIMIT 1   [ RunTime:0.0000s ]
SQL: SELECT * FROM `onethink_menu` WHERE `id` = 16 LIMIT 1   [ RunTime:0.0000s ]
SQL: SELECT DISTINCT  `group` FROM `onethink_menu` WHERE `group` <> '' AND `pid` = 16  [ RunTime:0.0010s ]
SQL: SELECT `id`,`url` FROM `onethink_menu` WHERE `pid` = 16 AND `hide` = 0  [ RunTime:0.0010s ]
SQL: SELECT `id`,`pid`,`title`,`url`,`tip` FROM `onethink_menu` WHERE `group` = '用户管理' AND `pid` = 16 AND `hide` = 0 ORDER BY sort asc  [ RunTime:0.0010s ]
SQL: SELECT `id`,`pid`,`title`,`url`,`tip` FROM `onethink_menu` WHERE `group` = '行为管理' AND `pid` = 16 AND `hide` = 0 ORDER BY sort asc  [ RunTime:0.0010s ]
SQL: SHOW COLUMNS FROM `onethink_action` [ RunTime:0.0070s ]
SQL: SELECT COUNT(*) AS tp_count FROM `onethink_action` WHERE `status` >= 0 LIMIT 1   [ RunTime:0.0020s ]
SQL: SELECT `id`,`name`,`title`,`remark`,`rule`,`log`,`type`,`status`,`update_time` FROM `onethink_action` WHERE `status` >= 0 ORDER BY id desc LIMIT 0,10   [ RunTime:0.0010s ]
INFO: [ view_parse ] --START--
INFO: [ template_filter ] --START--
INFO: Run Behavior\ContentReplaceBehavior [ RunTime:0.000000s ]
INFO: [ template_filter ] --END-- [ RunTime:0.001000s ]
INFO: Run Behavior\ParseTemplateBehavior [ RunTime:0.087000s ]
INFO: [ view_parse ] --END-- [ RunTime:0.087000s ]
INFO: [ view_filter ] --START--
INFO: Run Behavior\WriteHtmlCacheBehavior [ RunTime:0.001000s ]
INFO: [ view_filter ] --END-- [ RunTime:0.001000s ]
INFO: [ app_end ] --START--
INFO: Run Behavior\ShowPageTraceBehavior [ RunTime:0.002000s ]
INFO: [ app_end ] --END-- [ RunTime:0.002000s ]

[ 2016-06-03T10:30:20+08:00 ] ::1 /onethink/admin.php?s=/Action/actionlog.html
INFO: [ app_init ] --START--
INFO: Run Behavior\BuildLiteBehavior [ RunTime:0.000000s ]
INFO: Run Common\Behavior\InitHookBehavior [ RunTime:0.005000s ]
INFO: [ app_init ] --END-- [ RunTime:0.006000s ]
INFO: [ app_begin ] --START--
INFO: Run Behavior\ReadHtmlCacheBehavior [ RunTime:0.001000s ]
INFO: [ app_begin ] --END-- [ RunTime:0.002000s ]
SQL: SHOW COLUMNS FROM `onethink_menu` [ RunTime:0.0070s ]
SQL: SELECT `id`,`title`,`url` FROM `onethink_menu` WHERE `pid` = 0 AND `hide` = 0 ORDER BY sort asc  [ RunTime:0.0000s ]
SQL: SELECT `pid` FROM `onethink_menu` WHERE ( pid !=0 AND url like '%Action/actionlog%' ) LIMIT 1   [ RunTime:0.0010s ]
SQL: SELECT * FROM `onethink_menu` WHERE `id` = 16 LIMIT 1   [ RunTime:0.0010s ]
SQL: SELECT DISTINCT  `group` FROM `onethink_menu` WHERE `group` <> '' AND `pid` = 16  [ RunTime:0.0010s ]
SQL: SELECT `id`,`url` FROM `onethink_menu` WHERE `pid` = 16 AND `hide` = 0  [ RunTime:0.0010s ]
SQL: SELECT `id`,`pid`,`title`,`url`,`tip` FROM `onethink_menu` WHERE `group` = '用户管理' AND `pid` = 16 AND `hide` = 0 ORDER BY sort asc  [ RunTime:0.0000s ]
SQL: SELECT `id`,`pid`,`title`,`url`,`tip` FROM `onethink_menu` WHERE `group` = '行为管理' AND `pid` = 16 AND `hide` = 0 ORDER BY sort asc  [ RunTime:0.0010s ]
SQL: SHOW COLUMNS FROM `onethink_action_log` [ RunTime:0.0080s ]
SQL: SELECT COUNT(*) AS tp_count FROM `onethink_action_log` WHERE `status` > -1 LIMIT 1   [ RunTime:0.0000s ]
SQL: SELECT `id`,`action_id`,`user_id`,`action_ip`,`model`,`record_id`,`remark`,`status`,`create_time` FROM `onethink_action_log` WHERE `status` > -1 ORDER BY id desc LIMIT 0,10   [ RunTime:0.0010s ]
SQL: SHOW COLUMNS FROM `onethink_model` [ RunTime:0.0070s ]
SQL: SELECT `id` FROM `onethink_model` WHERE `name` = 'member' LIMIT 1   [ RunTime:0.0000s ]
INFO: [ view_parse ] --START--
INFO: [ template_filter ] --START--
INFO: Run Behavior\ContentReplaceBehavior [ RunTime:0.000000s ]
INFO: [ template_filter ] --END-- [ RunTime:0.001000s ]
SQL: SHOW COLUMNS FROM `onethink_action` [ RunTime:0.0070s ]
SQL: SELECT `id`,`name`,`title`,`remark`,`rule`,`log`,`type`,`status`,`update_time` FROM `onethink_action` WHERE `status` > -1 AND `id` = 1 LIMIT 1   [ RunTime:0.0010s ]
INFO: Run Behavior\ParseTemplateBehavior [ RunTime:0.057000s ]
INFO: [ view_parse ] --END-- [ RunTime:0.057000s ]
INFO: [ view_filter ] --START--
INFO: Run Behavior\WriteHtmlCacheBehavior [ RunTime:0.001000s ]
INFO: [ view_filter ] --END-- [ RunTime:0.001000s ]
INFO: [ app_end ] --START--
INFO: Run Behavior\ShowPageTraceBehavior [ RunTime:0.002000s ]
INFO: [ app_end ] --END-- [ RunTime:0.002000s ]

[ 2016-06-03T10:30:21+08:00 ] ::1 /onethink/admin.php?s=/User/action.html
INFO: [ app_init ] --START--
INFO: Run Behavior\BuildLiteBehavior [ RunTime:0.000000s ]
INFO: Run Common\Behavior\InitHookBehavior [ RunTime:0.005000s ]
INFO: [ app_init ] --END-- [ RunTime:0.006000s ]
INFO: [ app_begin ] --START--
INFO: Run Behavior\ReadHtmlCacheBehavior [ RunTime:0.001000s ]
INFO: [ app_begin ] --END-- [ RunTime:0.001000s ]
SQL: SHOW COLUMNS FROM `onethink_menu` [ RunTime:0.0070s ]
SQL: SELECT `id`,`title`,`url` FROM `onethink_menu` WHERE `pid` = 0 AND `hide` = 0 ORDER BY sort asc  [ RunTime:0.0000s ]
SQL: SELECT `pid` FROM `onethink_menu` WHERE ( pid !=0 AND url like '%User/action%' ) LIMIT 1   [ RunTime:0.0010s ]
SQL: SELECT * FROM `onethink_menu` WHERE `id` = 16 LIMIT 1   [ RunTime:0.0010s ]
SQL: SELECT DISTINCT  `group` FROM `onethink_menu` WHERE `group` <> '' AND `pid` = 16  [ RunTime:0.0010s ]
SQL: SELECT `id`,`url` FROM `onethink_menu` WHERE `pid` = 16 AND `hide` = 0  [ RunTime:0.0010s ]
SQL: SELECT `id`,`pid`,`title`,`url`,`tip` FROM `onethink_menu` WHERE `group` = '用户管理' AND `pid` = 16 AND `hide` = 0 ORDER BY sort asc  [ RunTime:0.0010s ]
SQL: SELECT `id`,`pid`,`title`,`url`,`tip` FROM `onethink_menu` WHERE `group` = '行为管理' AND `pid` = 16 AND `hide` = 0 ORDER BY sort asc  [ RunTime:0.0010s ]
SQL: SHOW COLUMNS FROM `onethink_action` [ RunTime:0.0070s ]
SQL: SELECT COUNT(*) AS tp_count FROM `onethink_action` WHERE `status` >= 0 LIMIT 1   [ RunTime:0.0010s ]
SQL: SELECT `id`,`name`,`title`,`remark`,`rule`,`log`,`type`,`status`,`update_time` FROM `onethink_action` WHERE `status` >= 0 ORDER BY id desc LIMIT 0,10   [ RunTime:0.0010s ]
INFO: [ view_parse ] --START--
INFO: [ template_filter ] --START--
INFO: Run Behavior\ContentReplaceBehavior [ RunTime:0.001000s ]
INFO: [ template_filter ] --END-- [ RunTime:0.001000s ]
INFO: Run Behavior\ParseTemplateBehavior [ RunTime:0.064000s ]
INFO: [ view_parse ] --END-- [ RunTime:0.064000s ]
INFO: [ view_filter ] --START--
INFO: Run Behavior\WriteHtmlCacheBehavior [ RunTime:0.001000s ]
INFO: [ view_filter ] --END-- [ RunTime:0.002000s ]
INFO: [ app_end ] --START--
INFO: Run Behavior\ShowPageTraceBehavior [ RunTime:0.002000s ]
INFO: [ app_end ] --END-- [ RunTime:0.002000s ]

[ 2016-06-03T10:30:23+08:00 ] ::1 /onethink/admin.php?s=/AuthManager/index.html
INFO: [ app_init ] --START--
INFO: Run Behavior\BuildLiteBehavior [ RunTime:0.001000s ]
INFO: Run Common\Behavior\InitHookBehavior [ RunTime:0.005000s ]
INFO: [ app_init ] --END-- [ RunTime:0.006000s ]
INFO: [ app_begin ] --START--
INFO: Run Behavior\ReadHtmlCacheBehavior [ RunTime:0.001000s ]
INFO: [ app_begin ] --END-- [ RunTime:0.001000s ]
SQL: SHOW COLUMNS FROM `onethink_menu` [ RunTime:0.0080s ]
SQL: SELECT `id`,`title`,`url` FROM `onethink_menu` WHERE `pid` = 0 AND `hide` = 0 ORDER BY sort asc  [ RunTime:0.0010s ]
SQL: SELECT `pid` FROM `onethink_menu` WHERE ( pid !=0 AND url like '%AuthManager/index%' ) LIMIT 1   [ RunTime:0.0010s ]
SQL: SELECT * FROM `onethink_menu` WHERE `id` = 16 LIMIT 1   [ RunTime:0.0000s ]
SQL: SELECT DISTINCT  `group` FROM `onethink_menu` WHERE `group` <> '' AND `pid` = 16  [ RunTime:0.0010s ]
SQL: SELECT `id`,`url` FROM `onethink_menu` WHERE `pid` = 16 AND `hide` = 0  [ RunTime:0.0010s ]
SQL: SELECT `id`,`pid`,`title`,`url`,`tip` FROM `onethink_menu` WHERE `group` = '用户管理' AND `pid` = 16 AND `hide` = 0 ORDER BY sort asc  [ RunTime:0.0010s ]
SQL: SELECT `id`,`pid`,`title`,`url`,`tip` FROM `onethink_menu` WHERE `group` = '行为管理' AND `pid` = 16 AND `hide` = 0 ORDER BY sort asc  [ RunTime:0.0010s ]
SQL: SHOW COLUMNS FROM `onethink_auth_group` [ RunTime:0.0080s ]
SQL: SELECT COUNT(*) AS tp_count FROM `onethink_auth_group` WHERE `module` = 'admin' LIMIT 1   [ RunTime:0.0000s ]
SQL: SELECT `id`,`module`,`type`,`title`,`description`,`status`,`rules` FROM `onethink_auth_group` WHERE `module` = 'admin' ORDER BY id asc LIMIT 0,10   [ RunTime:0.0010s ]
INFO: [ view_parse ] --START--
INFO: [ template_filter ] --START--
INFO: Run Behavior\ContentReplaceBehavior [ RunTime:0.000000s ]
INFO: [ template_filter ] --END-- [ RunTime:0.001000s ]
INFO: Run Behavior\ParseTemplateBehavior [ RunTime:0.056000s ]
INFO: [ view_parse ] --END-- [ RunTime:0.056000s ]
INFO: [ view_filter ] --START--
INFO: Run Behavior\WriteHtmlCacheBehavior [ RunTime:0.001000s ]
INFO: [ view_filter ] --END-- [ RunTime:0.001000s ]
INFO: [ app_end ] --START--
INFO: Run Behavior\ShowPageTraceBehavior [ RunTime:0.003000s ]
INFO: [ app_end ] --END-- [ RunTime:0.003000s ]

[ 2016-06-03T10:30:24+08:00 ] ::1 /onethink/admin.php?s=/Article/index.html
INFO: [ app_init ] --START--
INFO: Run Behavior\BuildLiteBehavior [ RunTime:0.000000s ]
INFO: Run Common\Behavior\InitHookBehavior [ RunTime:0.005000s ]
INFO: [ app_init ] --END-- [ RunTime:0.006000s ]
INFO: [ app_begin ] --START--
INFO: Run Behavior\ReadHtmlCacheBehavior [ RunTime:0.002000s ]
INFO: [ app_begin ] --END-- [ RunTime:0.002000s ]
SQL: SHOW COLUMNS FROM `onethink_menu` [ RunTime:0.0070s ]
SQL: SELECT `id`,`title`,`url` FROM `onethink_menu` WHERE `pid` = 0 AND `hide` = 0 ORDER BY sort asc  [ RunTime:0.0010s ]
SQL: SELECT `pid` FROM `onethink_menu` WHERE ( pid !=0 AND url like '%Article/index%' ) LIMIT 1   [ RunTime:0.0010s ]
SQL: SELECT * FROM `onethink_menu` WHERE `id` = 2 LIMIT 1   [ RunTime:0.0010s ]
SQL: SELECT DISTINCT  `group` FROM `onethink_menu` WHERE `group` <> '' AND `pid` = 2  [ RunTime:0.0010s ]
SQL: SELECT `id`,`url` FROM `onethink_menu` WHERE `pid` = 2 AND `hide` = 0  [ RunTime:0.0000s ]
SQL: SELECT `id`,`pid`,`title`,`url`,`tip` FROM `onethink_menu` WHERE `group` = '内容' AND `pid` = 2 AND `hide` = 0 ORDER BY sort asc  [ RunTime:0.0000s ]
SQL: SHOW COLUMNS FROM `onethink_auth_group_access` [ RunTime:0.0100s ]
SQL: SELECT `extend_id` FROM onethink_auth_group_access g INNER JOIN onethink_auth_extend c on g.group_id=c.group_id  WHERE ( g.uid='1' and c.type='1' and !isnull(extend_id) )  [ RunTime:0.0010s ]
SQL: SHOW COLUMNS FROM `onethink_category` [ RunTime:0.0080s ]
SQL: SELECT `id`,`title`,`pid`,`allow_publish` FROM `onethink_category` WHERE `status` = 1 ORDER BY pid,sort  [ RunTime:0.0010s ]
SQL: SHOW COLUMNS FROM `onethink_model` [ RunTime:0.0070s ]
SQL: SELECT * FROM `onethink_model` WHERE `name` = 'document' LIMIT 1   [ RunTime:0.0010s ]
SQL: SHOW COLUMNS FROM `onethink_document` [ RunTime:0.0080s ]
SQL: SELECT COUNT(*) AS tp_count FROM onethink_document DOCUMENT WHERE `status` IN ('0','1','2') AND `pid` = 0 LIMIT 1   [ RunTime:0.0000s ]
SQL: SELECT `id`,`title`,`type`,`update_time`,`status`,`view`,`category_id`,`model_id`,`pid` FROM onethink_document DOCUMENT WHERE `status` IN ('0','1','2') AND `pid` = 0 ORDER BY level DESC,DOCUMENT.id DESC LIMIT 0,10   [ RunTime:0.0010s ]
SQL: SELECT `extend` FROM `onethink_model` WHERE `id` = 1 LIMIT 1   [ RunTime:0.0000s ]
SQL: SHOW COLUMNS FROM `onethink_attribute` [ RunTime:0.0070s ]
SQL: SELECT `id`,`name`,`type`,`extra` FROM `onethink_attribute` WHERE `model_id` = 1  [ RunTime:0.0010s ]
NOTIC: [8] Undefined variable: groups D:\wamp\www\onethink\Application\Admin\Controller\ArticleController.class.php 第 231 行.
INFO: [ view_parse ] --START--
INFO: [ template_filter ] --START--
INFO: Run Behavior\ContentReplaceBehavior [ RunTime:0.000000s ]
INFO: [ template_filter ] --END-- [ RunTime:0.001000s ]
INFO: Run Behavior\ParseTemplateBehavior [ RunTime:0.131000s ]
INFO: [ view_parse ] --END-- [ RunTime:0.131000s ]
INFO: [ view_filter ] --START--
INFO: Run Behavior\WriteHtmlCacheBehavior [ RunTime:0.001000s ]
INFO: [ view_filter ] --END-- [ RunTime:0.002000s ]
INFO: [ app_end ] --START--
INFO: Run Behavior\ShowPageTraceBehavior [ RunTime:0.001000s ]
INFO: [ app_end ] --END-- [ RunTime:0.003000s ]

[ 2016-06-03T10:30:26+08:00 ] ::1 /onethink/admin.php?s=/article/mydocument.html
INFO: [ app_init ] --START--
INFO: Run Behavior\BuildLiteBehavior [ RunTime:0.000000s ]
INFO: Run Common\Behavior\InitHookBehavior [ RunTime:0.005000s ]
INFO: [ app_init ] --END-- [ RunTime:0.006000s ]
INFO: [ app_begin ] --START--
INFO: Run Behavior\ReadHtmlCacheBehavior [ RunTime:0.001000s ]
INFO: [ app_begin ] --END-- [ RunTime:0.001000s ]
SQL: SHOW COLUMNS FROM `onethink_menu` [ RunTime:0.0070s ]
SQL: SELECT `id`,`title`,`url` FROM `onethink_menu` WHERE `pid` = 0 AND `hide` = 0 ORDER BY sort asc  [ RunTime:0.0010s ]
SQL: SELECT `pid` FROM `onethink_menu` WHERE ( pid !=0 AND url like '%Article/mydocument%' ) LIMIT 1   [ RunTime:0.0010s ]
SQL: SHOW COLUMNS FROM `onethink_auth_group_access` [ RunTime:0.0070s ]
SQL: SELECT `extend_id` FROM onethink_auth_group_access g INNER JOIN onethink_auth_extend c on g.group_id=c.group_id  WHERE ( g.uid='1' and c.type='1' and !isnull(extend_id) )  [ RunTime:0.0010s ]
SQL: SHOW COLUMNS FROM `onethink_category` [ RunTime:0.0080s ]
SQL: SELECT `id`,`title`,`pid`,`allow_publish` FROM `onethink_category` WHERE `status` = 1 ORDER BY pid,sort  [ RunTime:0.0010s ]
SQL: SHOW COLUMNS FROM `onethink_document` [ RunTime:0.0080s ]
SQL: SELECT COUNT(*) AS tp_count FROM `onethink_document` WHERE `uid` = 1 AND `status` IN ('0','1','2') AND `pid` = 0 LIMIT 1   [ RunTime:0.0010s ]
SQL: SELECT `id`,`uid`,`name`,`title`,`category_id`,`group_id`,`description`,`root`,`pid`,`model_id`,`type`,`position`,`link_id`,`cover_id`,`display`,`deadline`,`attach`,`view`,`comment`,`extend`,`level`,`create_time`,`update_time`,`status` FROM `onethink_document` WHERE `uid` = 1 AND `status` IN ('0','1','2') AND `pid` = 0 ORDER BY update_time desc LIMIT 0,10   [ RunTime:0.0010s ]
SQL: SHOW COLUMNS FROM `onethink_model` [ RunTime:0.0080s ]
SQL: SELECT `extend` FROM `onethink_model` WHERE `id` = 1 LIMIT 1   [ RunTime:0.0010s ]
SQL: SHOW COLUMNS FROM `onethink_attribute` [ RunTime:0.0080s ]
SQL: SELECT `id`,`name`,`type`,`extra` FROM `onethink_attribute` WHERE `model_id` = 1  [ RunTime:0.0010s ]
INFO: [ view_parse ] --START--
INFO: [ template_filter ] --START--
INFO: Run Behavior\ContentReplaceBehavior [ RunTime:0.000000s ]
INFO: [ template_filter ] --END-- [ RunTime:0.001000s ]
SQL: SELECT `title` FROM `onethink_category` WHERE ( id=2 ) LIMIT 1   [ RunTime:0.0010s ]
INFO: Run Behavior\ParseTemplateBehavior [ RunTime:0.086000s ]
INFO: [ view_parse ] --END-- [ RunTime:0.086000s ]
INFO: [ view_filter ] --START--
INFO: Run Behavior\WriteHtmlCacheBehavior [ RunTime:0.001000s ]
INFO: [ view_filter ] --END-- [ RunTime:0.002000s ]
INFO: [ app_end ] --START--
INFO: Run Behavior\ShowPageTraceBehavior [ RunTime:0.003000s ]
INFO: [ app_end ] --END-- [ RunTime:0.003000s ]

[ 2016-06-03T10:30:26+08:00 ] ::1 /onethink/admin.php?s=/article/draftbox.html
INFO: [ app_init ] --START--
INFO: Run Behavior\BuildLiteBehavior [ RunTime:0.000000s ]
INFO: Run Common\Behavior\InitHookBehavior [ RunTime:0.006000s ]
INFO: [ app_init ] --END-- [ RunTime:0.007000s ]
INFO: [ app_begin ] --START--
INFO: Run Behavior\ReadHtmlCacheBehavior [ RunTime:0.001000s ]
INFO: [ app_begin ] --END-- [ RunTime:0.001000s ]
SQL: SHOW COLUMNS FROM `onethink_menu` [ RunTime:0.0070s ]
SQL: SELECT `id`,`title`,`url` FROM `onethink_menu` WHERE `pid` = 0 AND `hide` = 0 ORDER BY sort asc  [ RunTime:0.0010s ]
SQL: SELECT `pid` FROM `onethink_menu` WHERE ( pid !=0 AND url like '%Article/draftbox%' ) LIMIT 1   [ RunTime:0.0010s ]
SQL: SHOW COLUMNS FROM `onethink_auth_group_access` [ RunTime:0.0080s ]
SQL: SELECT `extend_id` FROM onethink_auth_group_access g INNER JOIN onethink_auth_extend c on g.group_id=c.group_id  WHERE ( g.uid='1' and c.type='1' and !isnull(extend_id) )  [ RunTime:0.0010s ]
SQL: SHOW COLUMNS FROM `onethink_category` [ RunTime:0.0080s ]
SQL: SELECT `id`,`title`,`pid`,`allow_publish` FROM `onethink_category` WHERE `status` = 1 ORDER BY pid,sort  [ RunTime:0.0010s ]
SQL: SHOW COLUMNS FROM `onethink_document` [ RunTime:0.0080s ]
SQL: SELECT COUNT(*) AS tp_count FROM `onethink_document` WHERE `status` = 3 AND `uid` = 1 LIMIT 1   [ RunTime:0.0010s ]
SQL: SELECT `id`,`uid`,`name`,`title`,`category_id`,`group_id`,`description`,`root`,`pid`,`model_id`,`type`,`position`,`link_id`,`cover_id`,`display`,`deadline`,`attach`,`view`,`comment`,`extend`,`level`,`create_time`,`update_time`,`status` FROM `onethink_document` WHERE `status` = 3 AND `uid` = 1 ORDER BY id desc LIMIT 0,10   [ RunTime:0.0000s ]
INFO: [ view_parse ] --START--
INFO: [ template_filter ] --START--
INFO: Run Behavior\ContentReplaceBehavior [ RunTime:0.000000s ]
INFO: [ template_filter ] --END-- [ RunTime:0.001000s ]
INFO: Run Behavior\ParseTemplateBehavior [ RunTime:0.084000s ]
INFO: [ view_parse ] --END-- [ RunTime:0.084000s ]
INFO: [ view_filter ] --START--
INFO: Run Behavior\WriteHtmlCacheBehavior [ RunTime:0.001000s ]
INFO: [ view_filter ] --END-- [ RunTime:0.002000s ]
INFO: [ app_end ] --START--
INFO: Run Behavior\ShowPageTraceBehavior [ RunTime:0.001000s ]
INFO: [ app_end ] --END-- [ RunTime:0.006000s ]

[ 2016-06-03T10:30:27+08:00 ] ::1 /onethink/admin.php?s=/article/examine.html
INFO: [ app_init ] --START--
INFO: Run Behavior\BuildLiteBehavior [ RunTime:0.000000s ]
INFO: Run Common\Behavior\InitHookBehavior [ RunTime:0.007000s ]
INFO: [ app_init ] --END-- [ RunTime:0.008000s ]
INFO: [ app_begin ] --START--
INFO: Run Behavior\ReadHtmlCacheBehavior [ RunTime:0.001000s ]
INFO: [ app_begin ] --END-- [ RunTime:0.001000s ]
SQL: SHOW COLUMNS FROM `onethink_menu` [ RunTime:0.0080s ]
SQL: SELECT `id`,`title`,`url` FROM `onethink_menu` WHERE `pid` = 0 AND `hide` = 0 ORDER BY sort asc  [ RunTime:0.0010s ]
SQL: SELECT `pid` FROM `onethink_menu` WHERE ( pid !=0 AND url like '%Article/examine%' ) LIMIT 1   [ RunTime:0.0000s ]
SQL: SELECT * FROM `onethink_menu` WHERE `id` = 3 LIMIT 1   [ RunTime:0.0010s ]
SQL: SELECT * FROM `onethink_menu` WHERE `id` = 2 LIMIT 1   [ RunTime:0.0010s ]
SQL: SELECT DISTINCT  `group` FROM `onethink_menu` WHERE `group` <> '' AND `pid` = 2  [ RunTime:0.0010s ]
SQL: SELECT `id`,`url` FROM `onethink_menu` WHERE `pid` = 2 AND `hide` = 0  [ RunTime:0.0000s ]
SQL: SELECT `id`,`pid`,`title`,`url`,`tip` FROM `onethink_menu` WHERE `group` = '内容' AND `pid` = 2 AND `hide` = 0 ORDER BY sort asc  [ RunTime:0.0000s ]
SQL: SHOW COLUMNS FROM `onethink_auth_group_access` [ RunTime:0.0070s ]
SQL: SELECT `extend_id` FROM onethink_auth_group_access g INNER JOIN onethink_auth_extend c on g.group_id=c.group_id  WHERE ( g.uid='1' and c.type='1' and !isnull(extend_id) )  [ RunTime:0.0010s ]
SQL: SHOW COLUMNS FROM `onethink_category` [ RunTime:0.0080s ]
SQL: SELECT `id`,`title`,`pid`,`allow_publish` FROM `onethink_category` WHERE `status` = 1 ORDER BY pid,sort  [ RunTime:0.0010s ]
SQL: SHOW COLUMNS FROM `onethink_document` [ RunTime:0.0070s ]
SQL: SELECT COUNT(*) AS tp_count FROM `onethink_document` WHERE `status` = 2 LIMIT 1   [ RunTime:0.0010s ]
SQL: SELECT `id`,`uid`,`name`,`title`,`category_id`,`group_id`,`description`,`root`,`pid`,`model_id`,`type`,`position`,`link_id`,`cover_id`,`display`,`deadline`,`attach`,`view`,`comment`,`extend`,`level`,`create_time`,`update_time`,`status` FROM `onethink_document` WHERE `status` = 2 ORDER BY update_time desc LIMIT 0,10   [ RunTime:0.0000s ]
INFO: [ view_parse ] --START--
INFO: [ template_filter ] --START--
INFO: Run Behavior\ContentReplaceBehavior [ RunTime:0.001000s ]
INFO: [ template_filter ] --END-- [ RunTime:0.001000s ]
INFO: Run Behavior\ParseTemplateBehavior [ RunTime:0.080000s ]
INFO: [ view_parse ] --END-- [ RunTime:0.081000s ]
INFO: [ view_filter ] --START--
INFO: Run Behavior\WriteHtmlCacheBehavior [ RunTime:0.001000s ]
INFO: [ view_filter ] --END-- [ RunTime:0.001000s ]
INFO: [ app_end ] --START--
INFO: Run Behavior\ShowPageTraceBehavior [ RunTime:0.002000s ]
INFO: [ app_end ] --END-- [ RunTime:0.002000s ]

[ 2016-06-03T10:30:28+08:00 ] ::1 /onethink/admin.php?s=/Article/index/cate_id/2.html
INFO: [ app_init ] --START--
INFO: Run Behavior\BuildLiteBehavior [ RunTime:0.000000s ]
INFO: Run Common\Behavior\InitHookBehavior [ RunTime:0.008000s ]
INFO: [ app_init ] --END-- [ RunTime:0.010000s ]
INFO: [ app_begin ] --START--
INFO: Run Behavior\ReadHtmlCacheBehavior [ RunTime:0.001000s ]
INFO: [ app_begin ] --END-- [ RunTime:0.002000s ]
SQL: SHOW COLUMNS FROM `onethink_menu` [ RunTime:0.0110s ]
SQL: SELECT `id`,`title`,`url` FROM `onethink_menu` WHERE `pid` = 0 AND `hide` = 0 ORDER BY sort asc  [ RunTime:0.0020s ]
SQL: SELECT `pid` FROM `onethink_menu` WHERE ( pid !=0 AND url like '%Article/index%' ) LIMIT 1   [ RunTime:0.0010s ]
SQL: SELECT * FROM `onethink_menu` WHERE `id` = 2 LIMIT 1   [ RunTime:0.0010s ]
SQL: SELECT DISTINCT  `group` FROM `onethink_menu` WHERE `group` <> '' AND `pid` = 2  [ RunTime:0.0010s ]
SQL: SELECT `id`,`url` FROM `onethink_menu` WHERE `pid` = 2 AND `hide` = 0  [ RunTime:0.0000s ]
SQL: SELECT `id`,`pid`,`title`,`url`,`tip` FROM `onethink_menu` WHERE `group` = '内容' AND `pid` = 2 AND `hide` = 0 ORDER BY sort asc  [ RunTime:0.0000s ]
SQL: SHOW COLUMNS FROM `onethink_auth_group_access` [ RunTime:0.0080s ]
SQL: SELECT `extend_id` FROM onethink_auth_group_access g INNER JOIN onethink_auth_extend c on g.group_id=c.group_id  WHERE ( g.uid='1' and c.type='1' and !isnull(extend_id) )  [ RunTime:0.0010s ]
SQL: SHOW COLUMNS FROM `onethink_category` [ RunTime:0.0080s ]
SQL: SELECT `id`,`title`,`pid`,`allow_publish` FROM `onethink_category` WHERE `status` = 1 ORDER BY pid,sort  [ RunTime:0.0000s ]
SQL: SELECT `id`,`title`,`pid` FROM `onethink_category` WHERE `status` = 1 ORDER BY sort  [ RunTime:0.0010s ]
SQL: SHOW COLUMNS FROM `onethink_model` [ RunTime:0.0100s ]
SQL: SELECT * FROM `onethink_model` WHERE `name` = 'document' LIMIT 1   [ RunTime:0.0010s ]
SQL: SHOW COLUMNS FROM `onethink_document` [ RunTime:0.0080s ]
SQL: SELECT COUNT(*) AS tp_count FROM onethink_document DOCUMENT WHERE `status` IN ('0','1','2') AND `category_id` = 2 AND `pid` = 0 LIMIT 1   [ RunTime:0.0010s ]
SQL: SELECT `id`,`title`,`type`,`update_time`,`status`,`view`,`category_id`,`model_id`,`pid` FROM onethink_document DOCUMENT WHERE `status` IN ('0','1','2') AND `category_id` = 2 AND `pid` = 0 ORDER BY level DESC,DOCUMENT.id DESC LIMIT 0,10   [ RunTime:0.0010s ]
SQL: SELECT `extend` FROM `onethink_model` WHERE `id` = 1 LIMIT 1   [ RunTime:0.0000s ]
SQL: SHOW COLUMNS FROM `onethink_attribute` [ RunTime:0.0080s ]
SQL: SELECT `id`,`name`,`type`,`extra` FROM `onethink_attribute` WHERE `model_id` = 1  [ RunTime:0.0010s ]
INFO: [ view_parse ] --START--
INFO: [ template_filter ] --START--
INFO: Run Behavior\ContentReplaceBehavior [ RunTime:0.001000s ]
INFO: [ template_filter ] --END-- [ RunTime:0.001000s ]
SQL: SELECT `id`,`name`,`title`,`extend`,`relation`,`need_pk`,`field_sort`,`field_group`,`attribute_list`,`attribute_alias`,`template_list`,`template_add`,`template_edit`,`list_grid`,`list_row`,`search_key`,`search_list`,`create_time`,`update_time`,`status`,`engine_type` FROM `onethink_model` WHERE `status` = 1 AND `extend` = 1  [ RunTime:0.0010s ]
INFO: Run Behavior\ParseTemplateBehavior [ RunTime:0.140000s ]
INFO: [ view_parse ] --END-- [ RunTime:0.140000s ]
INFO: [ view_filter ] --START--
INFO: Run Behavior\WriteHtmlCacheBehavior [ RunTime:0.001000s ]
INFO: [ view_filter ] --END-- [ RunTime:0.001000s ]
INFO: [ app_end ] --START--
INFO: Run Behavior\ShowPageTraceBehavior [ RunTime:0.001000s ]
INFO: [ app_end ] --END-- [ RunTime:0.001000s ]

